100 100
16 102 21 58 103 34 9 11 37 48 82 88 57 90 83 101 8 107 86 31 79 49 95 39 74 93 13 63 59 7 94 26 14 76 10 24 97 65 85 18 19 32 92 109 3 42 4 55 64 72 67 2 29 53 38 61 33 105 60 20 45 43 17 6 81 75 106 73 80 62 46 56 77 23 84 5 68 15 89 70 41 100 104 47 69 28 40 87 44 30 66 98 78 36 35 22 71 54 51 12 
50 108 99 91 96 52 25 1 16 102 21 58 103 34 9 11 37 48 82 88 57 90 83 101 8 107 86 31 79 49 95 39 74 93 13 63 59 7 94 26 14 76 10 24 97 65 85 18 19 32 92 109 3 42 4 55 64 72 67 2 29 53 38 61 33 105 60 20 45 43 17 6 81 75 106 73 80 62 46 56 77 23 84 5 68 15 89 70 41 100 104 47 69 28 40 87 44 30 66 98 
78 36 35 22 71 54 51 12 50 108 99 91 96 52 25 1 16 102 21 58 103 34 9 11 37 48 82 88 57 90 83 101 8 107 86 31 79 49 95 39 74 93 13 63 59 7 94 26 14 76 10 24 97 65 85 18 19 32 92 109 3 42 4 55 64 72 67 2 29 53 38 61 33 105 60 20 45 43 17 6 81 75 106 73 80 62 46 56 77 23 84 5 68 15 89 70 41 100 104 47 
69 28 40 87 44 30 66 98 78 36 35 22 71 54 51 12 50 108 99 91 96 52 25 1 16 102 21 58 103 34 9 11 37 48 82 88 57 90 83 101 8 107 86 31 79 49 95 39 74 93 13 63 59 7 94 26 14 76 10 24 97 65 85 18 19 32 92 109 3 42 4 55 64 72 67 2 29 53 38 61 33 105 60 20 45 43 17 6 81 75 106 73 80 62 46 56 77 23 84 5 
68 15 89 70 41 100 104 47 69 28 40 87 44 30 66 98 78 36 35 22 71 54 51 12 50 108 99 91 96 52 25 1 16 102 21 58 103 34 9 11 37 48 82 88 57 90 83 101 8 107 86 31 79 49 95 39 74 93 13 63 59 7 94 26 14 76 10 24 97 65 85 18 19 32 92 109 3 42 4 55 64 72 67 2 29 53 38 61 33 105 60 20 45 43 17 6 81 75 106 73 
80 62 46 56 77 23 84 5 68 15 89 70 41 100 104 47 69 28 40 87 44 30 66 98 78 36 35 22 71 54 51 12 50 108 99 91 96 52 25 1 16 102 21 58 103 34 9 11 37 48 82 88 57 90 83 101 8 107 86 31 79 49 95 39 74 93 13 63 59 7 94 26 14 76 10 24 97 65 85 18 19 32 92 109 3 42 4 55 64 72 67 2 29 53 38 61 33 105 60 20 
45 43 17 6 81 75 106 73 80 62 46 56 77 23 84 5 68 15 89 70 41 100 104 47 69 28 40 87 44 30 66 98 78 36 35 22 71 54 51 12 50 108 99 91 96 52 25 1 16 102 21 58 103 34 9 11 37 48 82 88 57 90 83 101 8 107 86 31 79 49 95 39 74 93 13 63 59 7 94 26 14 76 10 24 97 65 85 18 19 32 92 109 3 42 4 55 64 72 67 2 
29 53 38 61 33 105 60 20 45 43 17 6 81 75 106 73 80 62 46 56 77 23 84 5 68 15 89 70 41 100 104 47 69 28 40 87 44 30 66 98 78 36 35 22 71 54 51 12 50 108 99 91 96 52 25 1 16 102 21 58 103 34 9 11 37 48 82 88 57 90 83 101 8 107 86 31 79 49 95 39 74 93 13 63 59 7 94 26 14 76 10 24 97 65 85 18 19 32 92 109 
3 42 4 55 64 72 67 2 29 53 38 61 33 105 60 20 45 43 17 6 81 75 106 73 80 62 46 56 77 23 84 5 68 15 89 70 41 100 104 47 69 28 40 87 44 30 66 98 78 36 35 22 71 54 51 12 50 108 99 91 96 52 25 1 16 102 21 58 103 34 9 11 37 48 82 88 57 90 83 101 8 107 86 31 79 49 95 39 74 93 13 63 59 7 94 26 14 76 10 24 
97 65 85 18 19 32 92 109 3 42 4 55 64 72 67 2 29 53 38 61 33 105 60 20 45 43 17 6 81 75 106 73 80 62 46 56 77 23 84 5 68 15 89 70 41 100 104 47 69 28 40 87 44 30 66 98 78 36 35 22 71 54 51 12 50 108 99 91 96 52 25 1 16 102 21 58 103 34 9 11 37 48 82 88 57 90 83 101 8 107 86 31 79 49 95 39 74 93 13 63 
59 7 94 26 14 76 10 24 97 65 85 18 19 32 92 109 3 42 4 55 64 72 67 2 29 53 38 61 33 105 60 20 45 43 17 6 81 75 106 73 80 62 46 56 77 23 84 5 68 15 89 70 41 100 104 47 69 28 40 87 44 30 66 98 78 36 35 22 71 54 51 12 50 108 99 91 96 52 25 1 16 102 21 58 103 34 9 11 37 48 82 88 57 90 83 101 8 107 86 31 
79 49 95 39 74 93 13 63 59 7 94 26 14 76 10 24 97 65 85 18 19 32 92 109 3 42 4 55 64 72 67 2 29 53 38 61 33 105 60 20 45 43 17 6 81 75 106 73 80 62 46 56 77 23 84 5 68 15 89 70 41 100 104 47 69 28 40 87 44 30 66 98 78 36 35 22 71 54 51 12 50 108 99 91 96 52 25 1 16 102 21 58 103 34 9 11 37 48 82 88 
57 90 83 101 8 107 86 31 79 49 95 39 74 93 13 63 59 7 94 26 14 76 10 24 97 65 85 18 19 32 92 109 3 42 4 55 64 72 67 2 29 53 38 61 33 105 60 20 45 43 17 6 81 75 106 73 80 62 46 56 77 23 84 5 68 15 89 70 41 100 104 47 69 28 40 87 44 30 66 98 78 36 35 22 71 54 51 12 50 108 99 91 96 52 25 1 16 102 21 58 
103 34 9 11 37 48 82 88 57 90 83 101 8 107 86 31 79 49 95 39 74 93 13 63 59 7 94 26 14 76 10 24 97 65 85 18 19 32 92 109 3 42 4 55 64 72 67 2 29 53 38 61 33 105 60 20 45 43 17 6 81 75 106 73 80 62 46 56 77 23 84 5 68 15 89 70 41 100 104 47 69 28 40 87 44 30 66 98 78 36 35 22 71 54 51 12 50 108 99 91 
96 52 25 1 16 102 21 58 103 34 9 11 37 48 82 88 57 90 83 101 8 107 86 31 79 49 95 39 74 93 13 63 59 7 94 26 14 76 10 24 97 65 85 18 19 32 92 109 3 42 4 55 64 72 67 2 29 53 38 61 33 105 60 20 45 43 17 6 81 75 106 73 80 62 46 56 77 23 84 5 68 15 89 70 41 100 104 47 69 28 40 87 44 30 66 98 78 36 35 22 
71 54 51 12 50 108 99 91 96 52 25 1 16 102 21 58 103 34 9 11 37 48 82 88 57 90 83 101 8 107 86 31 79 49 95 39 74 93 13 63 59 7 94 26 14 76 10 24 97 65 85 18 19 32 92 109 3 42 4 55 64 72 67 2 29 53 38 61 33 105 60 20 45 43 17 6 81 75 106 73 80 62 46 56 77 23 84 5 68 15 89 70 41 100 104 47 69 28 40 87 
44 30 66 98 78 36 35 22 71 54 51 12 50 108 99 91 96 52 25 1 16 102 21 58 103 34 9 11 37 48 82 88 57 90 83 101 8 107 86 31 79 49 95 39 74 93 13 63 59 7 94 26 14 76 10 24 97 65 85 18 19 32 92 109 3 42 4 55 64 72 67 2 29 53 38 61 33 105 60 20 45 43 17 6 81 75 106 73 80 62 46 56 77 23 84 5 68 15 89 70 
41 100 104 47 69 28 40 87 44 30 66 98 78 36 35 22 71 54 51 12 50 108 99 91 96 52 25 1 16 102 21 58 103 34 9 11 37 48 82 88 57 90 83 101 8 107 86 31 79 49 95 39 74 93 13 63 59 7 94 26 14 76 10 24 97 65 85 18 19 32 92 109 3 42 4 55 64 72 67 2 29 53 38 61 33 105 60 20 45 43 17 6 81 75 106 73 80 62 46 56 
77 23 84 5 68 15 89 70 41 100 104 47 69 28 40 87 44 30 66 98 78 36 35 22 71 54 51 12 50 108 99 91 96 52 25 1 16 102 21 58 103 34 9 11 37 48 82 88 57 90 83 101 8 107 86 31 79 49 95 39 74 93 13 63 59 7 94 26 14 76 10 24 97 65 85 18 19 32 92 109 3 42 4 55 64 72 67 2 29 53 38 61 33 105 60 20 45 43 17 6 
81 75 106 73 80 62 46 56 77 23 84 5 68 15 89 70 41 100 104 47 69 28 40 87 44 30 66 98 78 36 35 22 71 54 51 12 50 108 99 91 96 52 25 1 16 102 21 58 103 34 9 11 37 48 82 88 57 90 83 101 8 107 86 31 79 49 95 39 74 93 13 63 59 7 94 26 14 76 10 24 97 65 85 18 19 32 92 109 3 42 4 55 64 72 67 2 29 53 38 61 
33 105 60 20 45 43 17 6 81 75 106 73 80 62 46 56 77 23 84 5 68 15 89 70 41 100 104 47 69 28 40 87 44 30 66 98 78 36 35 22 71 54 51 12 50 108 99 91 96 52 25 1 16 102 21 58 103 34 9 11 37 48 82 88 57 90 83 101 8 107 86 31 79 49 95 39 74 93 13 63 59 7 94 26 14 76 10 24 97 65 85 18 19 32 92 109 3 42 4 55 
64 72 67 2 29 53 38 61 33 105 60 20 45 43 17 6 81 75 106 73 80 62 46 56 77 23 84 5 68 15 89 70 41 100 104 47 69 28 40 87 44 30 66 98 78 36 35 22 71 54 51 12 50 108 99 91 96 52 25 1 16 102 21 58 103 34 9 11 37 48 82 88 57 90 83 101 8 107 86 31 79 49 95 39 74 93 13 63 59 7 94 26 14 76 10 24 97 65 85 18 
19 32 92 109 3 42 4 55 64 72 67 2 29 53 38 61 33 105 60 20 45 43 17 6 81 75 106 73 80 62 46 56 77 23 84 5 68 15 89 70 41 100 104 47 69 28 40 87 44 30 66 98 78 36 35 22 71 54 51 12 50 108 99 91 96 52 25 1 16 102 21 58 103 34 9 11 37 48 82 88 57 90 83 101 8 107 86 31 79 49 95 39 74 93 13 63 59 7 94 26 
14 76 10 24 97 65 85 18 19 32 92 109 3 42 4 55 64 72 67 2 29 53 38 61 33 105 60 20 45 43 17 6 81 75 106 73 80 62 46 56 77 23 84 5 68 15 89 70 41 100 104 47 69 28 40 87 44 30 66 98 78 36 35 22 71 54 51 12 50 108 99 91 96 52 25 1 16 102 21 58 103 34 9 11 37 48 82 88 57 90 83 101 8 107 86 31 79 49 95 39 
74 93 13 63 59 7 94 26 14 76 10 24 97 65 85 18 19 32 92 109 3 42 4 55 64 72 67 2 29 53 38 61 33 105 60 20 45 43 17 6 81 75 106 73 80 62 46 56 77 23 84 5 68 15 89 70 41 100 104 47 69 28 40 87 44 30 66 98 78 36 35 22 71 54 51 12 50 108 99 91 96 52 25 1 16 102 21 58 103 34 9 11 37 48 82 88 57 90 83 101 
8 107 86 31 79 49 95 39 74 93 13 63 59 7 94 26 14 76 10 24 97 65 85 18 19 32 92 109 3 42 4 55 64 72 67 2 29 53 38 61 33 105 60 20 45 43 17 6 81 75 106 73 80 62 46 56 77 23 84 5 68 15 89 70 41 100 104 47 69 28 40 87 44 30 66 98 78 36 35 22 71 54 51 12 50 108 99 91 96 52 25 1 16 102 21 58 103 34 9 11 
37 48 82 88 57 90 83 101 8 107 86 31 79 49 95 39 74 93 13 63 59 7 94 26 14 76 10 24 97 65 85 18 19 32 92 109 3 42 4 55 64 72 67 2 29 53 38 61 33 105 60 20 45 43 17 6 81 75 106 73 80 62 46 56 77 23 84 5 68 15 89 70 41 100 104 47 69 28 40 87 44 30 66 98 78 36 35 22 71 54 51 12 50 108 99 91 96 52 25 1 
16 102 21 58 103 34 9 11 37 48 82 88 57 90 83 101 8 107 86 31 79 49 95 39 74 93 13 63 59 7 94 26 14 76 10 24 97 65 85 18 19 32 92 109 3 42 4 55 64 72 67 2 29 53 38 61 33 105 60 20 45 43 17 6 81 75 106 73 80 62 46 56 77 23 84 5 68 15 89 70 41 100 104 47 69 28 40 87 44 30 66 98 78 36 35 22 71 54 51 12 
50 108 99 91 96 52 25 1 16 102 21 58 103 34 9 11 37 48 82 88 57 90 83 101 8 107 86 31 79 49 95 39 74 93 13 63 59 7 94 26 14 76 10 24 97 65 85 18 19 32 92 109 3 42 4 55 64 72 67 2 29 53 38 61 33 105 60 20 45 43 17 6 81 75 106 73 80 62 46 56 77 23 84 5 68 15 89 70 41 100 104 47 69 28 40 87 44 30 66 98 
78 36 35 22 71 54 51 12 50 108 99 91 96 52 25 1 16 102 21 58 103 34 9 11 37 48 82 88 57 90 83 101 8 107 86 31 79 49 95 39 74 93 13 63 59 7 94 26 14 76 10 24 97 65 85 18 19 32 92 109 3 42 4 55 64 72 67 2 29 53 38 61 33 105 60 20 45 43 17 6 81 75 106 73 80 62 46 56 77 23 84 5 68 15 89 70 41 100 104 47 
69 28 40 87 44 30 66 98 78 36 35 22 71 54 51 12 50 108 99 91 96 52 25 1 16 102 21 58 103 34 9 11 37 48 82 88 57 90 83 101 8 107 86 31 79 49 95 39 74 93 13 63 59 7 94 26 14 76 10 24 97 65 85 18 19 32 92 109 3 42 4 55 64 72 67 2 29 53 38 61 33 105 60 20 45 43 17 6 81 75 106 73 80 62 46 56 77 23 84 5 
68 15 89 70 41 100 104 47 69 28 40 87 44 30 66 98 78 36 35 22 71 54 51 12 50 108 99 91 96 52 25 1 16 102 21 58 103 34 9 11 37 48 82 88 57 90 83 101 8 107 86 31 79 49 95 39 74 93 13 63 59 7 94 26 14 76 10 24 97 65 85 18 19 32 92 109 3 42 4 55 64 72 67 2 29 53 38 61 33 105 60 20 45 43 17 6 81 75 106 73 
80 62 46 56 77 23 84 5 68 15 89 70 41 100 104 47 69 28 40 87 44 30 66 98 78 36 35 22 71 54 51 12 50 108 99 91 96 52 25 1 16 102 21 58 103 34 9 11 37 48 82 88 57 90 83 101 8 107 86 31 79 49 95 39 74 93 13 63 59 7 94 26 14 76 10 24 97 65 85 18 19 32 92 109 3 42 4 55 64 72 67 2 29 53 38 61 33 105 60 20 
45 43 17 6 81 75 106 73 80 62 46 56 77 23 84 5 68 15 89 70 41 100 104 47 69 28 40 87 44 30 66 98 78 36 35 22 71 54 51 12 50 108 99 91 96 52 25 1 16 102 21 58 103 34 9 11 37 48 82 88 57 90 83 101 8 107 86 31 79 49 95 39 74 93 13 63 59 7 94 26 14 76 10 24 97 65 85 18 19 32 92 109 3 42 4 55 64 72 67 2 
29 53 38 61 33 105 60 20 45 43 17 6 81 75 106 73 80 62 46 56 77 23 84 5 68 15 89 70 41 100 104 47 69 28 40 87 44 30 66 98 78 36 35 22 71 54 51 12 50 108 99 91 96 52 25 1 16 102 21 58 103 34 9 11 37 48 82 88 57 90 83 101 8 107 86 31 79 49 95 39 74 93 13 63 59 7 94 26 14 76 10 24 97 65 85 18 19 32 92 109 
3 42 4 55 64 72 67 2 29 53 38 61 33 105 60 20 45 43 17 6 81 75 106 73 80 62 46 56 77 23 84 5 68 15 89 70 41 100 104 47 69 28 40 87 44 30 66 98 78 36 35 22 71 54 51 12 50 108 99 91 96 52 25 1 16 102 21 58 103 34 9 11 37 48 82 88 57 90 83 101 8 107 86 31 79 49 95 39 74 93 13 63 59 7 94 26 14 76 10 24 
97 65 85 18 19 32 92 109 3 42 4 55 64 72 67 2 29 53 38 61 33 105 60 20 45 43 17 6 81 75 106 73 80 62 46 56 77 23 84 5 68 15 89 70 41 100 104 47 69 28 40 87 44 30 66 98 78 36 35 22 71 54 51 12 50 108 99 91 96 52 25 1 16 102 21 58 103 34 9 11 37 48 82 88 57 90 83 101 8 107 86 31 79 49 95 39 74 93 13 63 
59 7 94 26 14 76 10 24 97 65 85 18 19 32 92 109 3 42 4 55 64 72 67 2 29 53 38 61 33 105 60 20 45 43 17 6 81 75 106 73 80 62 46 56 77 23 84 5 68 15 89 70 41 100 104 47 69 28 40 87 44 30 66 98 78 36 35 22 71 54 51 12 50 108 99 91 96 52 25 1 16 102 21 58 103 34 9 11 37 48 82 88 57 90 83 101 8 107 86 31 
79 49 95 39 74 93 13 63 59 7 94 26 14 76 10 24 97 65 85 18 19 32 92 109 3 42 4 55 64 72 67 2 29 53 38 61 33 105 60 20 45 43 17 6 81 75 106 73 80 62 46 56 77 23 84 5 68 15 89 70 41 100 104 47 69 28 40 87 44 30 66 98 78 36 35 22 71 54 51 12 50 108 99 91 96 52 25 1 16 102 21 58 103 34 9 11 37 48 82 88 
57 90 83 101 8 107 86 31 79 49 95 39 74 93 13 63 59 7 94 26 14 76 10 24 97 65 85 18 19 32 92 109 3 42 4 55 64 72 67 2 29 53 38 61 33 105 60 20 45 43 17 6 81 75 106 73 80 62 46 56 77 23 84 5 68 15 89 70 41 100 104 47 69 28 40 87 44 30 66 98 78 36 35 22 71 54 51 12 50 108 99 91 96 52 25 1 16 102 21 58 
103 34 9 11 37 48 82 88 57 90 83 101 8 107 86 31 79 49 95 39 74 93 13 63 59 7 94 26 14 76 10 24 97 65 85 18 19 32 92 109 3 42 4 55 64 72 67 2 29 53 38 61 33 105 60 20 45 43 17 6 81 75 106 73 80 62 46 56 77 23 84 5 68 15 89 70 41 100 104 47 69 28 40 87 44 30 66 98 78 36 35 22 71 54 51 12 50 108 99 91 
96 52 25 1 16 102 21 58 103 34 9 11 37 48 82 88 57 90 83 101 8 107 86 31 79 49 95 39 74 93 13 63 59 7 94 26 14 76 10 24 97 65 85 18 19 32 92 109 3 42 4 55 64 72 67 2 29 53 38 61 33 105 60 20 45 43 17 6 81 75 106 73 80 62 46 56 77 23 84 5 68 15 89 70 41 100 104 47 69 28 40 87 44 30 66 98 78 36 35 22 
71 54 51 12 50 108 99 91 96 52 25 1 16 102 21 58 103 34 9 11 37 48 82 88 57 90 83 101 8 107 86 31 79 49 95 39 74 93 13 63 59 7 94 26 14 76 10 24 97 65 85 18 19 32 92 109 3 42 4 55 64 72 67 2 29 53 38 61 33 105 60 20 45 43 17 6 81 75 106 73 80 62 46 56 77 23 84 5 68 15 89 70 41 100 104 47 69 28 40 87 
44 30 66 98 78 36 35 22 71 54 51 12 50 108 99 91 96 52 25 1 16 102 21 58 103 34 9 11 37 48 82 88 57 90 83 101 8 107 86 31 79 49 95 39 74 93 13 63 59 7 94 26 14 76 10 24 97 65 85 18 19 32 92 109 3 42 4 55 64 72 67 2 29 53 38 61 33 105 60 20 45 43 17 6 81 75 106 73 80 62 46 56 77 23 84 5 68 15 89 70 
41 100 104 47 69 28 40 87 44 30 66 98 78 36 35 22 71 54 51 12 50 108 99 91 96 52 25 1 16 102 21 58 103 34 9 11 37 48 82 88 57 90 83 101 8 107 86 31 79 49 95 39 74 93 13 63 59 7 94 26 14 76 10 24 97 65 85 18 19 32 92 109 3 42 4 55 64 72 67 2 29 53 38 61 33 105 60 20 45 43 17 6 81 75 106 73 80 62 46 56 
77 23 84 5 68 15 89 70 41 100 104 47 69 28 40 87 44 30 66 98 78 36 35 22 71 54 51 12 50 108 99 91 96 52 25 1 16 102 21 58 103 34 9 11 37 48 82 88 57 90 83 101 8 107 86 31 79 49 95 39 74 93 13 63 59 7 94 26 14 76 10 24 97 65 85 18 19 32 92 109 3 42 4 55 64 72 67 2 29 53 38 61 33 105 60 20 45 43 17 6 
81 75 106 73 80 62 46 56 77 23 84 5 68 15 89 70 41 100 104 47 69 28 40 87 44 30 66 98 78 36 35 22 71 54 51 12 50 108 99 91 96 52 25 1 16 102 21 58 103 34 9 11 37 48 82 88 57 90 83 101 8 107 86 31 79 49 95 39 74 93 13 63 59 7 94 26 14 76 10 24 97 65 85 18 19 32 92 109 3 42 4 55 64 72 67 2 29 53 38 61 
33 105 60 20 45 43 17 6 81 75 106 73 80 62 46 56 77 23 84 5 68 15 89 70 41 100 104 47 69 28 40 87 44 30 66 98 78 36 35 22 71 54 51 12 50 108 99 91 96 52 25 1 16 102 21 58 103 34 9 11 37 48 82 88 57 90 83 101 8 107 86 31 79 49 95 39 74 93 13 63 59 7 94 26 14 76 10 24 97 65 85 18 19 32 92 109 3 42 4 55 
64 72 67 2 29 53 38 61 33 105 60 20 45 43 17 6 81 75 106 73 80 62 46 56 77 23 84 5 68 15 89 70 41 100 104 47 69 28 40 87 44 30 66 98 78 36 35 22 71 54 51 12 50 108 99 91 96 52 25 1 16 102 21 58 103 34 9 11 37 48 82 88 57 90 83 101 8 107 86 31 79 49 95 39 74 93 13 63 59 7 94 26 14 76 10 24 97 65 85 18 
19 32 92 109 3 42 4 55 64 72 67 2 29 53 38 61 33 105 60 20 45 43 17 6 81 75 106 73 80 62 46 56 77 23 84 5 68 15 89 70 41 100 104 47 69 28 40 87 44 30 66 98 78 36 35 22 71 54 51 12 50 108 99 91 96 52 25 1 16 102 21 58 103 34 9 11 37 48 82 88 57 90 83 101 8 107 86 31 79 49 95 39 74 93 13 63 59 7 94 26 
14 76 10 24 97 65 85 18 19 32 92 109 3 42 4 55 64 72 67 2 29 53 38 61 33 105 60 20 45 43 17 6 81 75 106 73 80 62 46 56 77 23 84 5 68 15 89 70 41 100 104 47 69 28 40 87 44 30 66 98 78 36 35 22 71 54 51 12 50 108 99 91 96 52 25 1 16 102 21 58 103 34 9 11 37 48 82 88 57 90 83 101 8 107 86 31 79 49 95 39 
74 93 13 63 59 7 94 26 14 76 10 24 97 65 85 18 19 32 92 109 3 42 4 55 64 72 67 2 29 53 38 61 33 105 60 20 45 43 17 6 81 75 106 73 80 62 46 56 77 23 84 5 68 15 89 70 41 100 104 47 69 28 40 87 44 30 66 98 78 36 35 22 71 54 51 12 50 108 99 91 96 52 25 1 16 102 21 58 103 34 9 11 37 48 82 88 57 90 83 101 
8 107 86 31 79 49 95 39 74 93 13 63 59 7 94 26 14 76 10 24 97 65 85 18 19 32 92 109 3 42 4 55 64 72 67 2 29 53 38 61 33 105 60 20 45 43 17 6 81 75 106 73 80 62 46 56 77 23 84 5 68 15 89 70 41 100 104 47 69 28 40 87 44 30 66 98 78 36 35 22 71 54 51 12 50 108 99 91 96 52 25 1 16 102 21 58 103 34 9 11 
37 48 82 88 57 90 83 101 8 107 86 31 79 49 95 39 74 93 13 63 59 7 94 26 14 76 10 24 97 65 85 18 19 32 92 109 3 42 4 55 64 72 67 2 29 53 38 61 33 105 60 20 45 43 17 6 81 75 106 73 80 62 46 56 77 23 84 5 68 15 89 70 41 100 104 47 69 28 40 87 44 30 66 98 78 36 35 22 71 54 51 12 50 108 99 91 96 52 25 1 
16 102 21 58 103 34 9 11 37 48 82 88 57 90 83 101 8 107 86 31 79 49 95 39 74 93 13 63 59 7 94 26 14 76 10 24 97 65 85 18 19 32 92 109 3 42 4 55 64 72 67 2 29 53 38 61 33 105 60 20 45 43 17 6 81 75 106 73 80 62 46 56 77 23 84 5 68 15 89 70 41 100 104 47 69 28 40 87 44 30 66 98 78 36 35 22 71 54 51 12 
50 108 99 91 96 52 25 1 16 102 21 58 103 34 9 11 37 48 82 88 57 90 83 101 8 107 86 31 79 49 95 39 74 93 13 63 59 7 94 26 14 76 10 24 97 65 85 18 19 32 92 109 3 42 4 55 64 72 67 2 29 53 38 61 33 105 60 20 45 43 17 6 81 75 106 73 80 62 46 56 77 23 84 5 68 15 89 70 41 100 104 47 69 28 40 87 44 30 66 98 
78 36 35 22 71 54 51 12 50 108 99 91 96 52 25 1 16 102 21 58 103 34 9 11 37 48 82 88 57 90 83 101 8 107 86 31 79 49 95 39 74 93 13 63 59 7 94 26 14 76 10 24 97 65 85 18 19 32 92 109 3 42 4 55 64 72 67 2 29 53 38 61 33 105 60 20 45 43 17 6 81 75 106 73 80 62 46 56 77 23 84 5 68 15 89 70 41 100 104 47 
69 28 40 87 44 30 66 98 78 36 35 22 71 54 51 12 50 108 99 91 96 52 25 1 16 102 21 58 103 34 9 11 37 48 82 88 57 90 83 101 8 107 86 31 79 49 95 39 74 93 13 63 59 7 94 26 14 76 10 24 97 65 85 18 19 32 92 109 3 42 4 55 64 72 67 2 29 53 38 61 33 105 60 20 45 43 17 6 81 75 106 73 80 62 46 56 77 23 84 5 
68 15 89 70 41 100 104 47 69 28 40 87 44 30 66 98 78 36 35 22 71 54 51 12 50 108 99 91 96 52 25 1 16 102 21 58 103 34 9 11 37 48 82 88 57 90 83 101 8 107 86 31 79 49 95 39 74 93 13 63 59 7 94 26 14 76 10 24 97 65 85 18 19 32 92 109 3 42 4 55 64 72 67 2 29 53 38 61 33 105 60 20 45 43 17 6 81 75 106 73 
80 62 46 56 77 23 84 5 68 15 89 70 41 100 104 47 69 28 40 87 44 30 66 98 78 36 35 22 71 54 51 12 50 108 99 91 96 52 25 1 16 102 21 58 103 34 9 11 37 48 82 88 57 90 83 101 8 107 86 31 79 49 95 39 74 93 13 63 59 7 94 26 14 76 10 24 97 65 85 18 19 32 92 109 3 42 4 55 64 72 67 2 29 53 38 61 33 105 60 20 
45 43 17 6 81 75 106 73 80 62 46 56 77 23 84 5 68 15 89 70 41 100 104 47 69 28 40 87 44 30 66 98 78 36 35 22 71 54 51 12 50 108 99 91 96 52 25 1 16 102 21 58 103 34 9 11 37 48 82 88 57 90 83 101 8 107 86 31 79 49 95 39 74 93 13 63 59 7 94 26 14 76 10 24 97 65 85 18 19 32 92 109 3 42 4 55 64 72 67 2 
29 53 38 61 33 105 60 20 45 43 17 6 81 75 106 73 80 62 46 56 77 23 84 5 68 15 89 70 41 100 104 47 69 28 40 87 44 30 66 98 78 36 35 22 71 54 51 12 50 108 99 91 96 52 25 1 16 102 21 58 103 34 9 11 37 48 82 88 57 90 83 101 8 107 86 31 79 49 95 39 74 93 13 63 59 7 94 26 14 76 10 24 97 65 85 18 19 32 92 109 
3 42 4 55 64 72 67 2 29 53 38 61 33 105 60 20 45 43 17 6 81 75 106 73 80 62 46 56 77 23 84 5 68 15 89 70 41 100 104 47 69 28 40 87 44 30 66 98 78 36 35 22 71 54 51 12 50 108 99 91 96 52 25 1 16 102 21 58 103 34 9 11 37 48 82 88 57 90 83 101 8 107 86 31 79 49 95 39 74 93 13 63 59 7 94 26 14 76 10 24 
97 65 85 18 19 32 92 109 3 42 4 55 64 72 67 2 29 53 38 61 33 105 60 20 45 43 17 6 81 75 106 73 80 62 46 56 77 23 84 5 68 15 89 70 41 100 104 47 69 28 40 87 44 30 66 98 78 36 35 22 71 54 51 12 50 108 99 91 96 52 25 1 16 102 21 58 103 34 9 11 37 48 82 88 57 90 83 101 8 107 86 31 79 49 95 39 74 93 13 63 
59 7 94 26 14 76 10 24 97 65 85 18 19 32 92 109 3 42 4 55 64 72 67 2 29 53 38 61 33 105 60 20 45 43 17 6 81 75 106 73 80 62 46 56 77 23 84 5 68 15 89 70 41 100 104 47 69 28 40 87 44 30 66 98 78 36 35 22 71 54 51 12 50 108 99 91 96 52 25 1 16 102 21 58 103 34 9 11 37 48 82 88 57 90 83 101 8 107 86 31 
79 49 95 39 74 93 13 63 59 7 94 26 14 76 10 24 97 65 85 18 19 32 92 109 3 42 4 55 64 72 67 2 29 53 38 61 33 105 60 20 45 43 17 6 81 75 106 73 80 62 46 56 77 23 84 5 68 15 89 70 41 100 104 47 69 28 40 87 44 30 66 98 78 36 35 22 71 54 51 12 50 108 99 91 96 52 25 1 16 102 21 58 103 34 9 11 37 48 82 88 
57 90 83 101 8 107 86 31 79 49 95 39 74 93 13 63 59 7 94 26 14 76 10 24 97 65 85 18 19 32 92 109 3 42 4 55 64 72 67 2 29 53 38 61 33 105 60 20 45 43 17 6 81 75 106 73 80 62 46 56 77 23 84 5 68 15 89 70 41 100 104 47 69 28 40 87 44 30 66 98 78 36 35 22 71 54 51 12 50 108 99 91 96 52 25 1 16 102 21 58 
103 34 9 11 37 48 82 88 57 90 83 101 8 107 86 31 79 49 95 39 74 93 13 63 59 7 94 26 14 76 10 24 97 65 85 18 19 32 92 109 3 42 4 55 64 72 67 2 29 53 38 61 33 105 60 20 45 43 17 6 81 75 106 73 80 62 46 56 77 23 84 5 68 15 89 70 41 100 104 47 69 28 40 87 44 30 66 98 78 36 35 22 71 54 51 12 50 108 99 91 
96 52 25 1 16 102 21 58 103 34 9 11 37 48 82 88 57 90 83 101 8 107 86 31 79 49 95 39 74 93 13 63 59 7 94 26 14 76 10 24 97 65 85 18 19 32 92 109 3 42 4 55 64 72 67 2 29 53 38 61 33 105 60 20 45 43 17 6 81 75 106 73 80 62 46 56 77 23 84 5 68 15 89 70 41 100 104 47 69 28 40 87 44 30 66 98 78 36 35 22 
71 54 51 12 50 108 99 91 96 52 25 1 16 102 21 58 103 34 9 11 37 48 82 88 57 90 83 101 8 107 86 31 79 49 95 39 74 93 13 63 59 7 94 26 14 76 10 24 97 65 85 18 19 32 92 109 3 42 4 55 64 72 67 2 29 53 38 61 33 105 60 20 45 43 17 6 81 75 106 73 80 62 46 56 77 23 84 5 68 15 89 70 41 100 104 47 69 28 40 87 
44 30 66 98 78 36 35 22 71 54 51 12 50 108 99 91 96 52 25 1 16 102 21 58 103 34 9 11 37 48 82 88 57 90 83 101 8 107 86 31 79 49 95 39 74 93 13 63 59 7 94 26 14 76 10 24 97 65 85 18 19 32 92 109 3 42 4 55 64 72 67 2 29 53 38 61 33 105 60 20 45 43 17 6 81 75 106 73 80 62 46 56 77 23 84 5 68 15 89 70 
41 100 104 47 69 28 40 87 44 30 66 98 78 36 35 22 71 54 51 12 50 108 99 91 96 52 25 1 16 102 21 58 103 34 9 11 37 48 82 88 57 90 83 101 8 107 86 31 79 49 95 39 74 93 13 63 59 7 94 26 14 76 10 24 97 65 85 18 19 32 92 109 3 42 4 55 64 72 67 2 29 53 38 61 33 105 60 20 45 43 17 6 81 75 106 73 80 62 46 56 
77 23 84 5 68 15 89 70 41 100 104 47 69 28 40 87 44 30 66 98 78 36 35 22 71 54 51 12 50 108 99 91 96 52 25 1 16 102 21 58 103 34 9 11 37 48 82 88 57 90 83 101 8 107 86 31 79 49 95 39 74 93 13 63 59 7 94 26 14 76 10 24 97 65 85 18 19 32 92 109 3 42 4 55 64 72 67 2 29 53 38 61 33 105 60 20 45 43 17 6 
81 75 106 73 80 62 46 56 77 23 84 5 68 15 89 70 41 100 104 47 69 28 40 87 44 30 66 98 78 36 35 22 71 54 51 12 50 108 99 91 96 52 25 1 16 102 21 58 103 34 9 11 37 48 82 88 57 90 83 101 8 107 86 31 79 49 95 39 74 93 13 63 59 7 94 26 14 76 10 24 97 65 85 18 19 32 92 109 3 42 4 55 64 72 67 2 29 53 38 61 
33 105 60 20 45 43 17 6 81 75 106 73 80 62 46 56 77 23 84 5 68 15 89 70 41 100 104 47 69 28 40 87 44 30 66 98 78 36 35 22 71 54 51 12 50 108 99 91 96 52 25 1 16 102 21 58 103 34 9 11 37 48 82 88 57 90 83 101 8 107 86 31 79 49 95 39 74 93 13 63 59 7 94 26 14 76 10 24 97 65 85 18 19 32 92 109 3 42 4 55 
64 72 67 2 29 53 38 61 33 105 60 20 45 43 17 6 81 75 106 73 80 62 46 56 77 23 84 5 68 15 89 70 41 100 104 47 69 28 40 87 44 30 66 98 78 36 35 22 71 54 51 12 50 108 99 91 96 52 25 1 16 102 21 58 103 34 9 11 37 48 82 88 57 90 83 101 8 107 86 31 79 49 95 39 74 93 13 63 59 7 94 26 14 76 10 24 97 65 85 18 
19 32 92 109 3 42 4 55 64 72 67 2 29 53 38 61 33 105 60 20 45 43 17 6 81 75 106 73 80 62 46 56 77 23 84 5 68 15 89 70 41 100 104 47 69 28 40 87 44 30 66 98 78 36 35 22 71 54 51 12 50 108 99 91 96 52 25 1 16 102 21 58 103 34 9 11 37 48 82 88 57 90 83 101 8 107 86 31 79 49 95 39 74 93 13 63 59 7 94 26 
14 76 10 24 97 65 85 18 19 32 92 109 3 42 4 55 64 72 67 2 29 53 38 61 33 105 60 20 45 43 17 6 81 75 106 73 80 62 46 56 77 23 84 5 68 15 89 70 41 100 104 47 69 28 40 87 44 30 66 98 78 36 35 22 71 54 51 12 50 108 99 91 96 52 25 1 16 102 21 58 103 34 9 11 37 48 82 88 57 90 83 101 8 107 86 31 79 49 95 39 
74 93 13 63 59 7 94 26 14 76 10 24 97 65 85 18 19 32 92 109 3 42 4 55 64 72 67 2 29 53 38 61 33 105 60 20 45 43 17 6 81 75 106 73 80 62 46 56 77 23 84 5 68 15 89 70 41 100 104 47 69 28 40 87 44 30 66 98 78 36 35 22 71 54 51 12 50 108 99 91 96 52 25 1 16 102 21 58 103 34 9 11 37 48 82 88 57 90 83 101 
8 107 86 31 79 49 95 39 74 93 13 63 59 7 94 26 14 76 10 24 97 65 85 18 19 32 92 109 3 42 4 55 64 72 67 2 29 53 38 61 33 105 60 20 45 43 17 6 81 75 106 73 80 62 46 56 77 23 84 5 68 15 89 70 41 100 104 47 69 28 40 87 44 30 66 98 78 36 35 22 71 54 51 12 50 108 99 91 96 52 25 1 16 102 21 58 103 34 9 11 
37 48 82 88 57 90 83 101 8 107 86 31 79 49 95 39 74 93 13 63 59 7 94 26 14 76 10 24 97 65 85 18 19 32 92 109 3 42 4 55 64 72 67 2 29 53 38 61 33 105 60 20 45 43 17 6 81 75 106 73 80 62 46 56 77 23 84 5 68 15 89 70 41 100 104 47 69 28 40 87 44 30 66 98 78 36 35 22 71 54 51 12 50 108 99 91 96 52 25 1 
16 102 21 58 103 34 9 11 37 48 82 88 57 90 83 101 8 107 86 31 79 49 95 39 74 93 13 63 59 7 94 26 14 76 10 24 97 65 85 18 19 32 92 109 3 42 4 55 64 72 67 2 29 53 38 61 33 105 60 20 45 43 17 6 81 75 106 73 80 62 46 56 77 23 84 5 68 15 89 70 41 100 104 47 69 28 40 87 44 30 66 98 78 36 35 22 71 54 51 12 
50 108 99 91 96 52 25 1 16 102 21 58 103 34 9 11 37 48 82 88 57 90 83 101 8 107 86 31 79 49 95 39 74 93 13 63 59 7 94 26 14 76 10 24 97 65 85 18 19 32 92 109 3 42 4 55 64 72 67 2 29 53 38 61 33 105 60 20 45 43 17 6 81 75 106 73 80 62 46 56 77 23 84 5 68 15 89 70 41 100 104 47 69 28 40 87 44 30 66 98 
78 36 35 22 71 54 51 12 50 108 99 91 96 52 25 1 16 102 21 58 103 34 9 11 37 48 82 88 57 90 83 101 8 107 86 31 79 49 95 39 74 93 13 63 59 7 94 26 14 76 10 24 97 65 85 18 19 32 92 109 3 42 4 55 64 72 67 2 29 53 38 61 33 105 60 20 45 43 17 6 81 75 106 73 80 62 46 56 77 23 84 5 68 15 89 70 41 100 104 47 
69 28 40 87 44 30 66 98 78 36 35 22 71 54 51 12 50 108 99 91 96 52 25 1 16 102 21 58 103 34 9 11 37 48 82 88 57 90 83 101 8 107 86 31 79 49 95 39 74 93 13 63 59 7 94 26 14 76 10 24 97 65 85 18 19 32 92 109 3 42 4 55 64 72 67 2 29 53 38 61 33 105 60 20 45 43 17 6 81 75 106 73 80 62 46 56 77 23 84 5 
68 15 89 70 41 100 104 47 69 28 40 87 44 30 66 98 78 36 35 22 71 54 51 12 50 108 99 91 96 52 25 1 16 102 21 58 103 34 9 11 37 48 82 88 57 90 83 101 8 107 86 31 79 49 95 39 74 93 13 63 59 7 94 26 14 76 10 24 97 65 85 18 19 32 92 109 3 42 4 55 64 72 67 2 29 53 38 61 33 105 60 20 45 43 17 6 81 75 106 73 
80 62 46 56 77 23 84 5 68 15 89 70 41 100 104 47 69 28 40 87 44 30 66 98 78 36 35 22 71 54 51 12 50 108 99 91 96 52 25 1 16 102 21 58 103 34 9 11 37 48 82 88 57 90 83 101 8 107 86 31 79 49 95 39 74 93 13 63 59 7 94 26 14 76 10 24 97 65 85 18 19 32 92 109 3 42 4 55 64 72 67 2 29 53 38 61 33 105 60 20 
45 43 17 6 81 75 106 73 80 62 46 56 77 23 84 5 68 15 89 70 41 100 104 47 69 28 40 87 44 30 66 98 78 36 35 22 71 54 51 12 50 108 99 91 96 52 25 1 16 102 21 58 103 34 9 11 37 48 82 88 57 90 83 101 8 107 86 31 79 49 95 39 74 93 13 63 59 7 94 26 14 76 10 24 97 65 85 18 19 32 92 109 3 42 4 55 64 72 67 2 
29 53 38 61 33 105 60 20 45 43 17 6 81 75 106 73 80 62 46 56 77 23 84 5 68 15 89 70 41 100 104 47 69 28 40 87 44 30 66 98 78 36 35 22 71 54 51 12 50 108 99 91 96 52 25 1 16 102 21 58 103 34 9 11 37 48 82 88 57 90 83 101 8 107 86 31 79 49 95 39 74 93 13 63 59 7 94 26 14 76 10 24 97 65 85 18 19 32 92 109 
3 42 4 55 64 72 67 2 29 53 38 61 33 105 60 20 45 43 17 6 81 75 106 73 80 62 46 56 77 23 84 5 68 15 89 70 41 100 104 47 69 28 40 87 44 30 66 98 78 36 35 22 71 54 51 12 50 108 99 91 96 52 25 1 16 102 21 58 103 34 9 11 37 48 82 88 57 90 83 101 8 107 86 31 79 49 95 39 74 93 13 63 59 7 94 26 14 76 10 24 
97 65 85 18 19 32 92 109 3 42 4 55 64 72 67 2 29 53 38 61 33 105 60 20 45 43 17 6 81 75 106 73 80 62 46 56 77 23 84 5 68 15 89 70 41 100 104 47 69 28 40 87 44 30 66 98 78 36 35 22 71 54 51 12 50 108 99 91 96 52 25 1 16 102 21 58 103 34 9 11 37 48 82 88 57 90 83 101 8 107 86 31 79 49 95 39 74 93 13 63 
59 7 94 26 14 76 10 24 97 65 85 18 19 32 92 109 3 42 4 55 64 72 67 2 29 53 38 61 33 105 60 20 45 43 17 6 81 75 106 73 80 62 46 56 77 23 84 5 68 15 89 70 41 100 104 47 69 28 40 87 44 30 66 98 78 36 35 22 71 54 51 12 50 108 99 91 96 52 25 1 16 102 21 58 103 34 9 11 37 48 82 88 57 90 83 101 8 107 86 31 
79 49 95 39 74 93 13 63 59 7 94 26 14 76 10 24 97 65 85 18 19 32 92 109 3 42 4 55 64 72 67 2 29 53 38 61 33 105 60 20 45 43 17 6 81 75 106 73 80 62 46 56 77 23 84 5 68 15 89 70 41 100 104 47 69 28 40 87 44 30 66 98 78 36 35 22 71 54 51 12 50 108 99 91 96 52 25 1 16 102 21 58 103 34 9 11 37 48 82 88 
57 90 83 101 8 107 86 31 79 49 95 39 74 93 13 63 59 7 94 26 14 76 10 24 97 65 85 18 19 32 92 109 3 42 4 55 64 72 67 2 29 53 38 61 33 105 60 20 45 43 17 6 81 75 106 73 80 62 46 56 77 23 84 5 68 15 89 70 41 100 104 47 69 28 40 87 44 30 66 98 78 36 35 22 71 54 51 12 50 108 99 91 96 52 25 1 16 102 21 58 
103 34 9 11 37 48 82 88 57 90 83 101 8 107 86 31 79 49 95 39 74 93 13 63 59 7 94 26 14 76 10 24 97 65 85 18 19 32 92 109 3 42 4 55 64 72 67 2 29 53 38 61 33 105 60 20 45 43 17 6 81 75 106 73 80 62 46 56 77 23 84 5 68 15 89 70 41 100 104 47 69 28 40 87 44 30 66 98 78 36 35 22 71 54 51 12 50 108 99 91 
96 52 25 1 16 102 21 58 103 34 9 11 37 48 82 88 57 90 83 101 8 107 86 31 79 49 95 39 74 93 13 63 59 7 94 26 14 76 10 24 97 65 85 18 19 32 92 109 3 42 4 55 64 72 67 2 29 53 38 61 33 105 60 20 45 43 17 6 81 75 106 73 80 62 46 56 77 23 84 5 68 15 89 70 41 100 104 47 69 28 40 87 44 30 66 98 78 36 35 22 
71 54 51 12 50 108 99 91 96 52 25 1 16 102 21 58 103 34 9 11 37 48 82 88 57 90 83 101 8 107 86 31 79 49 95 39 74 93 13 63 59 7 94 26 14 76 10 24 97 65 85 18 19 32 92 109 3 42 4 55 64 72 67 2 29 53 38 61 33 105 60 20 45 43 17 6 81 75 106 73 80 62 46 56 77 23 84 5 68 15 89 70 41 100 104 47 69 28 40 87 
44 30 66 98 78 36 35 22 71 54 51 12 50 108 99 91 96 52 25 1 16 102 21 58 103 34 9 11 37 48 82 88 57 90 83 101 8 107 86 31 79 49 95 39 74 93 13 63 59 7 94 26 14 76 10 24 97 65 85 18 19 32 92 109 3 42 4 55 64 72 67 2 29 53 38 61 33 105 60 20 45 43 17 6 81 75 106 73 80 62 46 56 77 23 84 5 68 15 89 70 
41 100 104 47 69 28 40 87 44 30 66 98 78 36 35 22 71 54 51 12 50 108 99 91 96 52 25 1 16 102 21 58 103 34 9 11 37 48 82 88 57 90 83 101 8 107 86 31 79 49 95 39 74 93 13 63 59 7 94 26 14 76 10 24 97 65 85 18 19 32 92 109 3 42 4 55 64 72 67 2 29 53 38 61 33 105 60 20 45 43 17 6 81 75 106 73 80 62 46 56 
77 23 84 5 68 15 89 70 41 100 104 47 69 28 40 87 44 30 66 98 78 36 35 22 71 54 51 12 50 108 99 91 96 52 25 1 16 102 21 58 103 34 9 11 37 48 82 88 57 90 83 101 8 107 86 31 79 49 95 39 74 93 13 63 59 7 94 26 14 76 10 24 97 65 85 18 19 32 92 109 3 42 4 55 64 72 67 2 29 53 38 61 33 105 60 20 45 43 17 6 
