fEfEfEfEfEfEfEfEfEfEfEfEfEfEfE
edfEfEfEfEfEfEfEfEfEfEfEfEfEfE
fEedfEfEfEfEfEfEfEfEfEfEfEfEfE
ededfEfEfEfEfEfEfEfEfEfEfEfEfE
fEfEedfEfEfEfEfEfEfEfEfEfEfEfE
edfEedfEfEfEfEfEfEfEfEfEfEfEfE
fEededfEfEfEfEfEfEfEfEfEfEfEfE
edededfEfEfEfEfEfEfEfEfEfEfEfE
fEfEfEedfEfEfEfEfEfEfEfEfEfEfE
edfEfEedfEfEfEfEfEfEfEfEfEfEfE
fEedfEedfEfEfEfEfEfEfEfEfEfEfE
ededfEedfEfEfEfEfEfEfEfEfEfEfE
fEfEededfEfEfEfEfEfEfEfEfEfEfE
edfEededfEfEfEfEfEfEfEfEfEfEfE
fEedededfEfEfEfEfEfEfEfEfEfEfE
ededededfEfEfEfEfEfEfEfEfEfEfE
fEfEfEfEedfEfEfEfEfEfEfEfEfEfE
edfEfEfEedfEfEfEfEfEfEfEfEfEfE
fEedfEfEedfEfEfEfEfEfEfEfEfEfE
ededfEfEedfEfEfEfEfEfEfEfEfEfE
fEfEedfEedfEfEfEfEfEfEfEfEfEfE
edfEedfEedfEfEfEfEfEfEfEfEfEfE
fEededfEedfEfEfEfEfEfEfEfEfEfE
edededfEedfEfEfEfEfEfEfEfEfEfE
fEfEfEededfEfEfEfEfEfEfEfEfEfE
edfEfEededfEfEfEfEfEfEfEfEfEfE
fEedfEededfEfEfEfEfEfEfEfEfEfE
ededfEededfEfEfEfEfEfEfEfEfEfE
fEfEedededfEfEfEfEfEfEfEfEfEfE
edfEedededfEfEfEfEfEfEfEfEfEfE
fEededededfEfEfEfEfEfEfEfEfEfE
edededededfEfEfEfEfEfEfEfEfEfE
fEfEfEfEfEedfEfEfEfEfEfEfEfEfE
edfEfEfEfEedfEfEfEfEfEfEfEfEfE
fEedfEfEfEedfEfEfEfEfEfEfEfEfE
ededfEfEfEedfEfEfEfEfEfEfEfEfE
fEfEedfEfEedfEfEfEfEfEfEfEfEfE
edfEedfEfEedfEfEfEfEfEfEfEfEfE
fEededfEfEedfEfEfEfEfEfEfEfEfE
edededfEfEedfEfEfEfEfEfEfEfEfE
fEfEfEedfEedfEfEfEfEfEfEfEfEfE
edfEfEedfEedfEfEfEfEfEfEfEfEfE
fEedfEedfEedfEfEfEfEfEfEfEfEfE
ededfEedfEedfEfEfEfEfEfEfEfEfE
fEfEededfEedfEfEfEfEfEfEfEfEfE
edfEededfEedfEfEfEfEfEfEfEfEfE
fEedededfEedfEfEfEfEfEfEfEfEfE
ededededfEedfEfEfEfEfEfEfEfEfE
fEfEfEfEededfEfEfEfEfEfEfEfEfE
edfEfEfEededfEfEfEfEfEfEfEfEfE
fEedfEfEededfEfEfEfEfEfEfEfEfE
ededfEfEededfEfEfEfEfEfEfEfEfE
fEfEedfEededfEfEfEfEfEfEfEfEfE
edfEedfEededfEfEfEfEfEfEfEfEfE
fEededfEededfEfEfEfEfEfEfEfEfE
edededfEededfEfEfEfEfEfEfEfEfE
fEfEfEedededfEfEfEfEfEfEfEfEfE
edfEfEedededfEfEfEfEfEfEfEfEfE
fEedfEedededfEfEfEfEfEfEfEfEfE
ededfEedededfEfEfEfEfEfEfEfEfE
fEfEededededfEfEfEfEfEfEfEfEfE
edfEededededfEfEfEfEfEfEfEfEfE
fEedededededfEfEfEfEfEfEfEfEfE
ededededededfEfEfEfEfEfEfEfEfE
fEfEfEfEfEfEedfEfEfEfEfEfEfEfE
edfEfEfEfEfEedfEfEfEfEfEfEfEfE
fEedfEfEfEfEedfEfEfEfEfEfEfEfE
ededfEfEfEfEedfEfEfEfEfEfEfEfE
fEfEedfEfEfEedfEfEfEfEfEfEfEfE
edfEedfEfEfEedfEfEfEfEfEfEfEfE
fEededfEfEfEedfEfEfEfEfEfEfEfE
edededfEfEfEedfEfEfEfEfEfEfEfE
fEfEfEedfEfEedfEfEfEfEfEfEfEfE
edfEfEedfEfEedfEfEfEfEfEfEfEfE
fEedfEedfEfEedfEfEfEfEfEfEfEfE
ededfEedfEfEedfEfEfEfEfEfEfEfE
fEfEededfEfEedfEfEfEfEfEfEfEfE
edfEededfEfEedfEfEfEfEfEfEfEfE
fEedededfEfEedfEfEfEfEfEfEfEfE
ededededfEfEedfEfEfEfEfEfEfEfE
fEfEfEfEedfEedfEfEfEfEfEfEfEfE
edfEfEfEedfEedfEfEfEfEfEfEfEfE
fEedfEfEedfEedfEfEfEfEfEfEfEfE
ededfEfEedfEedfEfEfEfEfEfEfEfE
fEfEedfEedfEedfEfEfEfEfEfEfEfE
edfEedfEedfEedfEfEfEfEfEfEfEfE
fEededfEedfEedfEfEfEfEfEfEfEfE
edededfEedfEedfEfEfEfEfEfEfEfE
fEfEfEededfEedfEfEfEfEfEfEfEfE
edfEfEededfEedfEfEfEfEfEfEfEfE
fEedfEededfEedfEfEfEfEfEfEfEfE
ededfEededfEedfEfEfEfEfEfEfEfE
fEfEedededfEedfEfEfEfEfEfEfEfE
edfEedededfEedfEfEfEfEfEfEfEfE
fEededededfEedfEfEfEfEfEfEfEfE
edededededfEedfEfEfEfEfEfEfEfE
fEfEfEfEfEededfEfEfEfEfEfEfEfE
edfEfEfEfEededfEfEfEfEfEfEfEfE
fEedfEfEfEededfEfEfEfEfEfEfEfE
ededfEfEfEededfEfEfEfEfEfEfEfE
fEfEedfEfEededfEfEfEfEfEfEfEfE
edfEedfEfEededfEfEfEfEfEfEfEfE
fEededfEfEededfEfEfEfEfEfEfEfE
edededfEfEededfEfEfEfEfEfEfEfE
fEfEfEedfEededfEfEfEfEfEfEfEfE
edfEfEedfEededfEfEfEfEfEfEfEfE
fEedfEedfEededfEfEfEfEfEfEfEfE
ededfEedfEededfEfEfEfEfEfEfEfE
fEfEededfEededfEfEfEfEfEfEfEfE
edfEededfEededfEfEfEfEfEfEfEfE
fEedededfEededfEfEfEfEfEfEfEfE
ededededfEededfEfEfEfEfEfEfEfE
fEfEfEfEedededfEfEfEfEfEfEfEfE
edfEfEfEedededfEfEfEfEfEfEfEfE
fEedfEfEedededfEfEfEfEfEfEfEfE
ededfEfEedededfEfEfEfEfEfEfEfE
fEfEedfEedededfEfEfEfEfEfEfEfE
edfEedfEedededfEfEfEfEfEfEfEfE
fEededfEedededfEfEfEfEfEfEfEfE
edededfEedededfEfEfEfEfEfEfEfE
fEfEfEededededfEfEfEfEfEfEfEfE
edfEfEededededfEfEfEfEfEfEfEfE
fEedfEededededfEfEfEfEfEfEfEfE
ededfEededededfEfEfEfEfEfEfEfE
fEfEedededededfEfEfEfEfEfEfEfE
edfEedededededfEfEfEfEfEfEfEfE
fEededededededfEfEfEfEfEfEfEfE
edededededededfEfEfEfEfEfEfEfE
fEfEfEfEfEfEfEedfEfEfEfEfEfEfE
edfEfEfEfEfEfEedfEfEfEfEfEfEfE
fEedfEfEfEfEfEedfEfEfEfEfEfEfE
ededfEfEfEfEfEedfEfEfEfEfEfEfE
fEfEedfEfEfEfEedfEfEfEfEfEfEfE
edfEedfEfEfEfEedfEfEfEfEfEfEfE
fEededfEfEfEfEedfEfEfEfEfEfEfE
edededfEfEfEfEedfEfEfEfEfEfEfE
fEfEfEedfEfEfEedfEfEfEfEfEfEfE
edfEfEedfEfEfEedfEfEfEfEfEfEfE
fEedfEedfEfEfEedfEfEfEfEfEfEfE
ededfEedfEfEfEedfEfEfEfEfEfEfE
fEfEededfEfEfEedfEfEfEfEfEfEfE
edfEededfEfEfEedfEfEfEfEfEfEfE
fEedededfEfEfEedfEfEfEfEfEfEfE
ededededfEfEfEedfEfEfEfEfEfEfE
fEfEfEfEedfEfEedfEfEfEfEfEfEfE
edfEfEfEedfEfEedfEfEfEfEfEfEfE
fEedfEfEedfEfEedfEfEfEfEfEfEfE
ededfEfEedfEfEedfEfEfEfEfEfEfE
fEfEedfEedfEfEedfEfEfEfEfEfEfE
edfEedfEedfEfEedfEfEfEfEfEfEfE
fEededfEedfEfEedfEfEfEfEfEfEfE
edededfEedfEfEedfEfEfEfEfEfEfE
fEfEfEededfEfEedfEfEfEfEfEfEfE
edfEfEededfEfEedfEfEfEfEfEfEfE
fEedfEededfEfEedfEfEfEfEfEfEfE
ededfEededfEfEedfEfEfEfEfEfEfE
fEfEedededfEfEedfEfEfEfEfEfEfE
edfEedededfEfEedfEfEfEfEfEfEfE
fEededededfEfEedfEfEfEfEfEfEfE
edededededfEfEedfEfEfEfEfEfEfE
fEfEfEfEfEedfEedfEfEfEfEfEfEfE
edfEfEfEfEedfEedfEfEfEfEfEfEfE
fEedfEfEfEedfEedfEfEfEfEfEfEfE
ededfEfEfEedfEedfEfEfEfEfEfEfE
fEfEedfEfEedfEedfEfEfEfEfEfEfE
edfEedfEfEedfEedfEfEfEfEfEfEfE
fEededfEfEedfEedfEfEfEfEfEfEfE
edededfEfEedfEedfEfEfEfEfEfEfE
fEfEfEedfEedfEedfEfEfEfEfEfEfE
edfEfEedfEedfEedfEfEfEfEfEfEfE
fEedfEedfEedfEedfEfEfEfEfEfEfE
ededfEedfEedfEedfEfEfEfEfEfEfE
fEfEededfEedfEedfEfEfEfEfEfEfE
edfEededfEedfEedfEfEfEfEfEfEfE
fEedededfEedfEedfEfEfEfEfEfEfE
ededededfEedfEedfEfEfEfEfEfEfE
fEfEfEfEededfEedfEfEfEfEfEfEfE
edfEfEfEededfEedfEfEfEfEfEfEfE
fEedfEfEededfEedfEfEfEfEfEfEfE
ededfEfEededfEedfEfEfEfEfEfEfE
fEfEedfEededfEedfEfEfEfEfEfEfE
edfEedfEededfEedfEfEfEfEfEfEfE
fEededfEededfEedfEfEfEfEfEfEfE
edededfEededfEedfEfEfEfEfEfEfE
fEfEfEedededfEedfEfEfEfEfEfEfE
edfEfEedededfEedfEfEfEfEfEfEfE
fEedfEedededfEedfEfEfEfEfEfEfE
ededfEedededfEedfEfEfEfEfEfEfE
fEfEededededfEedfEfEfEfEfEfEfE
edfEededededfEedfEfEfEfEfEfEfE
fEedededededfEedfEfEfEfEfEfEfE
ededededededfEedfEfEfEfEfEfEfE
fEfEfEfEfEfEededfEfEfEfEfEfEfE
edfEfEfEfEfEededfEfEfEfEfEfEfE
fEedfEfEfEfEededfEfEfEfEfEfEfE
ededfEfEfEfEededfEfEfEfEfEfEfE
fEfEedfEfEfEededfEfEfEfEfEfEfE
edfEedfEfEfEededfEfEfEfEfEfEfE
fEededfEfEfEededfEfEfEfEfEfEfE
edededfEfEfEededfEfEfEfEfEfEfE
fEfEfEedfEfEededfEfEfEfEfEfEfE
edfEfEedfEfEededfEfEfEfEfEfEfE
fEedfEedfEfEededfEfEfEfEfEfEfE
ededfEedfEfEededfEfEfEfEfEfEfE
fEfEededfEfEededfEfEfEfEfEfEfE
edfEededfEfEededfEfEfEfEfEfEfE
fEedededfEfEededfEfEfEfEfEfEfE
ededededfEfEededfEfEfEfEfEfEfE
fEfEfEfEedfEededfEfEfEfEfEfEfE
edfEfEfEedfEededfEfEfEfEfEfEfE
fEedfEfEedfEededfEfEfEfEfEfEfE
ededfEfEedfEededfEfEfEfEfEfEfE
fEfEedfEedfEededfEfEfEfEfEfEfE
edfEedfEedfEededfEfEfEfEfEfEfE
fEededfEedfEededfEfEfEfEfEfEfE
edededfEedfEededfEfEfEfEfEfEfE
fEfEfEededfEededfEfEfEfEfEfEfE
edfEfEededfEededfEfEfEfEfEfEfE
fEedfEededfEededfEfEfEfEfEfEfE
ededfEededfEededfEfEfEfEfEfEfE
fEfEedededfEededfEfEfEfEfEfEfE
edfEedededfEededfEfEfEfEfEfEfE
fEededededfEededfEfEfEfEfEfEfE
edededededfEededfEfEfEfEfEfEfE
fEfEfEfEfEedededfEfEfEfEfEfEfE
edfEfEfEfEedededfEfEfEfEfEfEfE
fEedfEfEfEedededfEfEfEfEfEfEfE
ededfEfEfEedededfEfEfEfEfEfEfE
fEfEedfEfEedededfEfEfEfEfEfEfE
edfEedfEfEedededfEfEfEfEfEfEfE
fEededfEfEedededfEfEfEfEfEfEfE
edededfEfEedededfEfEfEfEfEfEfE
fEfEfEedfEedededfEfEfEfEfEfEfE
edfEfEedfEedededfEfEfEfEfEfEfE
fEedfEedfEedededfEfEfEfEfEfEfE
ededfEedfEedededfEfEfEfEfEfEfE
fEfEededfEedededfEfEfEfEfEfEfE
edfEededfEedededfEfEfEfEfEfEfE
fEedededfEedededfEfEfEfEfEfEfE
ededededfEedededfEfEfEfEfEfEfE
fEfEfEfEededededfEfEfEfEfEfEfE
edfEfEfEededededfEfEfEfEfEfEfE
fEedfEfEededededfEfEfEfEfEfEfE
ededfEfEededededfEfEfEfEfEfEfE
fEfEedfEededededfEfEfEfEfEfEfE
edfEedfEededededfEfEfEfEfEfEfE
fEededfEededededfEfEfEfEfEfEfE
edededfEededededfEfEfEfEfEfEfE
fEfEfEedededededfEfEfEfEfEfEfE
edfEfEedededededfEfEfEfEfEfEfE
fEedfEedededededfEfEfEfEfEfEfE
ededfEedededededfEfEfEfEfEfEfE
fEfEededededededfEfEfEfEfEfEfE
edfEededededededfEfEfEfEfEfEfE
fEedededededededfEfEfEfEfEfEfE
ededededededededfEfEfEfEfEfEfE
fEfEfEfEfEfEfEfEedfEfEfEfEfEfE
edfEfEfEfEfEfEfEedfEfEfEfEfEfE
fEedfEfEfEfEfEfEedfEfEfEfEfEfE
ededfEfEfEfEfEfEedfEfEfEfEfEfE
fEfEedfEfEfEfEfEedfEfEfEfEfEfE
edfEedfEfEfEfEfEedfEfEfEfEfEfE
fEededfEfEfEfEfEedfEfEfEfEfEfE
edededfEfEfEfEfEedfEfEfEfEfEfE
fEfEfEedfEfEfEfEedfEfEfEfEfEfE
edfEfEedfEfEfEfEedfEfEfEfEfEfE
fEedfEedfEfEfEfEedfEfEfEfEfEfE
ededfEedfEfEfEfEedfEfEfEfEfEfE
fEfEededfEfEfEfEedfEfEfEfEfEfE
edfEededfEfEfEfEedfEfEfEfEfEfE
fEedededfEfEfEfEedfEfEfEfEfEfE
ededededfEfEfEfEedfEfEfEfEfEfE
fEfEfEfEedfEfEfEedfEfEfEfEfEfE
edfEfEfEedfEfEfEedfEfEfEfEfEfE
fEedfEfEedfEfEfEedfEfEfEfEfEfE
ededfEfEedfEfEfEedfEfEfEfEfEfE
fEfEedfEedfEfEfEedfEfEfEfEfEfE
edfEedfEedfEfEfEedfEfEfEfEfEfE
fEededfEedfEfEfEedfEfEfEfEfEfE
edededfEedfEfEfEedfEfEfEfEfEfE
fEfEfEededfEfEfEedfEfEfEfEfEfE
edfEfEededfEfEfEedfEfEfEfEfEfE
fEedfEededfEfEfEedfEfEfEfEfEfE
ededfEededfEfEfEedfEfEfEfEfEfE
fEfEedededfEfEfEedfEfEfEfEfEfE
edfEedededfEfEfEedfEfEfEfEfEfE
fEededededfEfEfEedfEfEfEfEfEfE
edededededfEfEfEedfEfEfEfEfEfE
fEfEfEfEfEedfEfEedfEfEfEfEfEfE
edfEfEfEfEedfEfEedfEfEfEfEfEfE
fEedfEfEfEedfEfEedfEfEfEfEfEfE
ededfEfEfEedfEfEedfEfEfEfEfEfE
fEfEedfEfEedfEfEedfEfEfEfEfEfE
edfEedfEfEedfEfEedfEfEfEfEfEfE
fEededfEfEedfEfEedfEfEfEfEfEfE
edededfEfEedfEfEedfEfEfEfEfEfE
fEfEfEedfEedfEfEedfEfEfEfEfEfE
edfEfEedfEedfEfEedfEfEfEfEfEfE
fEedfEedfEedfEfEedfEfEfEfEfEfE
ededfEedfEedfEfEedfEfEfEfEfEfE
fEfEededfEedfEfEedfEfEfEfEfEfE
edfEededfEedfEfEedfEfEfEfEfEfE
fEedededfEedfEfEedfEfEfEfEfEfE
ededededfEedfEfEedfEfEfEfEfEfE
fEfEfEfEededfEfEedfEfEfEfEfEfE
edfEfEfEededfEfEedfEfEfEfEfEfE
fEedfEfEededfEfEedfEfEfEfEfEfE
ededfEfEededfEfEedfEfEfEfEfEfE
fEfEedfEededfEfEedfEfEfEfEfEfE
edfEedfEededfEfEedfEfEfEfEfEfE
fEededfEededfEfEedfEfEfEfEfEfE
edededfEededfEfEedfEfEfEfEfEfE
fEfEfEedededfEfEedfEfEfEfEfEfE
edfEfEedededfEfEedfEfEfEfEfEfE
fEedfEedededfEfEedfEfEfEfEfEfE
ededfEedededfEfEedfEfEfEfEfEfE
fEfEededededfEfEedfEfEfEfEfEfE
edfEededededfEfEedfEfEfEfEfEfE
fEedededededfEfEedfEfEfEfEfEfE
ededededededfEfEedfEfEfEfEfEfE
fEfEfEfEfEfEedfEedfEfEfEfEfEfE
edfEfEfEfEfEedfEedfEfEfEfEfEfE
fEedfEfEfEfEedfEedfEfEfEfEfEfE
ededfEfEfEfEedfEedfEfEfEfEfEfE
fEfEedfEfEfEedfEedfEfEfEfEfEfE
edfEedfEfEfEedfEedfEfEfEfEfEfE
fEededfEfEfEedfEedfEfEfEfEfEfE
edededfEfEfEedfEedfEfEfEfEfEfE
fEfEfEedfEfEedfEedfEfEfEfEfEfE
edfEfEedfEfEedfEedfEfEfEfEfEfE
fEedfEedfEfEedfEedfEfEfEfEfEfE
ededfEedfEfEedfEedfEfEfEfEfEfE
fEfEededfEfEedfEedfEfEfEfEfEfE
edfEededfEfEedfEedfEfEfEfEfEfE
fEedededfEfEedfEedfEfEfEfEfEfE
ededededfEfEedfEedfEfEfEfEfEfE
fEfEfEfEedfEedfEedfEfEfEfEfEfE
edfEfEfEedfEedfEedfEfEfEfEfEfE
fEedfEfEedfEedfEedfEfEfEfEfEfE
ededfEfEedfEedfEedfEfEfEfEfEfE
fEfEedfEedfEedfEedfEfEfEfEfEfE
edfEedfEedfEedfEedfEfEfEfEfEfE
fEededfEedfEedfEedfEfEfEfEfEfE
edededfEedfEedfEedfEfEfEfEfEfE
fEfEfEededfEedfEedfEfEfEfEfEfE
edfEfEededfEedfEedfEfEfEfEfEfE
fEedfEededfEedfEedfEfEfEfEfEfE
ededfEededfEedfEedfEfEfEfEfEfE
fEfEedededfEedfEedfEfEfEfEfEfE
edfEedededfEedfEedfEfEfEfEfEfE
fEededededfEedfEedfEfEfEfEfEfE
edededededfEedfEedfEfEfEfEfEfE
fEfEfEfEfEededfEedfEfEfEfEfEfE
edfEfEfEfEededfEedfEfEfEfEfEfE
fEedfEfEfEededfEedfEfEfEfEfEfE
ededfEfEfEededfEedfEfEfEfEfEfE
fEfEedfEfEededfEedfEfEfEfEfEfE
edfEedfEfEededfEedfEfEfEfEfEfE
fEededfEfEededfEedfEfEfEfEfEfE
edededfEfEededfEedfEfEfEfEfEfE
fEfEfEedfEededfEedfEfEfEfEfEfE
edfEfEedfEededfEedfEfEfEfEfEfE
fEedfEedfEededfEedfEfEfEfEfEfE
ededfEedfEededfEedfEfEfEfEfEfE
fEfEededfEededfEedfEfEfEfEfEfE
edfEededfEededfEedfEfEfEfEfEfE
fEedededfEededfEedfEfEfEfEfEfE
ededededfEededfEedfEfEfEfEfEfE
fEfEfEfEedededfEedfEfEfEfEfEfE
edfEfEfEedededfEedfEfEfEfEfEfE
fEedfEfEedededfEedfEfEfEfEfEfE
ededfEfEedededfEedfEfEfEfEfEfE
fEfEedfEedededfEedfEfEfEfEfEfE
edfEedfEedededfEedfEfEfEfEfEfE
fEededfEedededfEedfEfEfEfEfEfE
edededfEedededfEedfEfEfEfEfEfE
fEfEfEededededfEedfEfEfEfEfEfE
edfEfEededededfEedfEfEfEfEfEfE
fEedfEededededfEedfEfEfEfEfEfE
ededfEededededfEedfEfEfEfEfEfE
fEfEedededededfEedfEfEfEfEfEfE
edfEedededededfEedfEfEfEfEfEfE
fEededededededfEedfEfEfEfEfEfE
edededededededfEedfEfEfEfEfEfE
fEfEfEfEfEfEfEededfEfEfEfEfEfE
edfEfEfEfEfEfEededfEfEfEfEfEfE
fEedfEfEfEfEfEededfEfEfEfEfEfE
ededfEfEfEfEfEededfEfEfEfEfEfE
fEfEedfEfEfEfEededfEfEfEfEfEfE
edfEedfEfEfEfEededfEfEfEfEfEfE
fEededfEfEfEfEededfEfEfEfEfEfE
edededfEfEfEfEededfEfEfEfEfEfE
fEfEfEedfEfEfEededfEfEfEfEfEfE
edfEfEedfEfEfEededfEfEfEfEfEfE
fEedfEedfEfEfEededfEfEfEfEfEfE
ededfEedfEfEfEededfEfEfEfEfEfE
fEfEededfEfEfEededfEfEfEfEfEfE
edfEededfEfEfEededfEfEfEfEfEfE
fEedededfEfEfEededfEfEfEfEfEfE
ededededfEfEfEededfEfEfEfEfEfE
fEfEfEfEedfEfEededfEfEfEfEfEfE
edfEfEfEedfEfEededfEfEfEfEfEfE
fEedfEfEedfEfEededfEfEfEfEfEfE
ededfEfEedfEfEededfEfEfEfEfEfE
fEfEedfEedfEfEededfEfEfEfEfEfE
edfEedfEedfEfEededfEfEfEfEfEfE
fEededfEedfEfEededfEfEfEfEfEfE
edededfEedfEfEededfEfEfEfEfEfE
fEfEfEededfEfEededfEfEfEfEfEfE
edfEfEededfEfEededfEfEfEfEfEfE
fEedfEededfEfEededfEfEfEfEfEfE
ededfEededfEfEededfEfEfEfEfEfE
fEfEedededfEfEededfEfEfEfEfEfE
edfEedededfEfEededfEfEfEfEfEfE
fEededededfEfEededfEfEfEfEfEfE
edededededfEfEededfEfEfEfEfEfE
fEfEfEfEfEedfEededfEfEfEfEfEfE
edfEfEfEfEedfEededfEfEfEfEfEfE
fEedfEfEfEedfEededfEfEfEfEfEfE
ededfEfEfEedfEededfEfEfEfEfEfE
fEfEedfEfEedfEededfEfEfEfEfEfE
edfEedfEfEedfEededfEfEfEfEfEfE
fEededfEfEedfEededfEfEfEfEfEfE
edededfEfEedfEededfEfEfEfEfEfE
fEfEfEedfEedfEededfEfEfEfEfEfE
edfEfEedfEedfEededfEfEfEfEfEfE
fEedfEedfEedfEededfEfEfEfEfEfE
ededfEedfEedfEededfEfEfEfEfEfE
fEfEededfEedfEededfEfEfEfEfEfE
edfEededfEedfEededfEfEfEfEfEfE
fEedededfEedfEededfEfEfEfEfEfE
ededededfEedfEededfEfEfEfEfEfE
fEfEfEfEededfEededfEfEfEfEfEfE
edfEfEfEededfEededfEfEfEfEfEfE
fEedfEfEededfEededfEfEfEfEfEfE
ededfEfEededfEededfEfEfEfEfEfE
fEfEedfEededfEededfEfEfEfEfEfE
edfEedfEededfEededfEfEfEfEfEfE
fEededfEededfEededfEfEfEfEfEfE
edededfEededfEededfEfEfEfEfEfE
fEfEfEedededfEededfEfEfEfEfEfE
edfEfEedededfEededfEfEfEfEfEfE
fEedfEedededfEededfEfEfEfEfEfE
ededfEedededfEededfEfEfEfEfEfE
fEfEededededfEededfEfEfEfEfEfE
edfEededededfEededfEfEfEfEfEfE
fEedededededfEededfEfEfEfEfEfE
ededededededfEededfEfEfEfEfEfE
fEfEfEfEfEfEedededfEfEfEfEfEfE
edfEfEfEfEfEedededfEfEfEfEfEfE
fEedfEfEfEfEedededfEfEfEfEfEfE
ededfEfEfEfEedededfEfEfEfEfEfE
fEfEedfEfEfEedededfEfEfEfEfEfE
edfEedfEfEfEedededfEfEfEfEfEfE
fEededfEfEfEedededfEfEfEfEfEfE
edededfEfEfEedededfEfEfEfEfEfE
fEfEfEedfEfEedededfEfEfEfEfEfE
edfEfEedfEfEedededfEfEfEfEfEfE
fEedfEedfEfEedededfEfEfEfEfEfE
ededfEedfEfEedededfEfEfEfEfEfE
fEfEededfEfEedededfEfEfEfEfEfE
edfEededfEfEedededfEfEfEfEfEfE
fEedededfEfEedededfEfEfEfEfEfE
ededededfEfEedededfEfEfEfEfEfE
fEfEfEfEedfEedededfEfEfEfEfEfE
edfEfEfEedfEedededfEfEfEfEfEfE
fEedfEfEedfEedededfEfEfEfEfEfE
ededfEfEedfEedededfEfEfEfEfEfE
fEfEedfEedfEedededfEfEfEfEfEfE
edfEedfEedfEedededfEfEfEfEfEfE
fEededfEedfEedededfEfEfEfEfEfE
edededfEedfEedededfEfEfEfEfEfE
fEfEfEededfEedededfEfEfEfEfEfE
edfEfEededfEedededfEfEfEfEfEfE
fEedfEededfEedededfEfEfEfEfEfE
ededfEededfEedededfEfEfEfEfEfE
fEfEedededfEedededfEfEfEfEfEfE
edfEedededfEedededfEfEfEfEfEfE
fEededededfEedededfEfEfEfEfEfE
edededededfEedededfEfEfEfEfEfE
fEfEfEfEfEededededfEfEfEfEfEfE
edfEfEfEfEededededfEfEfEfEfEfE
fEedfEfEfEededededfEfEfEfEfEfE
ededfEfEfEededededfEfEfEfEfEfE
fEfEedfEfEededededfEfEfEfEfEfE
edfEedfEfEededededfEfEfEfEfEfE
fEededfEfEededededfEfEfEfEfEfE
edededfEfEededededfEfEfEfEfEfE
fEfEfEedfEededededfEfEfEfEfEfE
edfEfEedfEededededfEfEfEfEfEfE
fEedfEedfEededededfEfEfEfEfEfE
ededfEedfEededededfEfEfEfEfEfE
fEfEededfEededededfEfEfEfEfEfE
edfEededfEededededfEfEfEfEfEfE
fEedededfEededededfEfEfEfEfEfE
ededededfEededededfEfEfEfEfEfE
fEfEfEfEedededededfEfEfEfEfEfE
edfEfEfEedededededfEfEfEfEfEfE
fEedfEfEedededededfEfEfEfEfEfE
ededfEfEedededededfEfEfEfEfEfE
fEfEedfEedededededfEfEfEfEfEfE
edfEedfEedededededfEfEfEfEfEfE
fEededfEedededededfEfEfEfEfEfE
edededfEedededededfEfEfEfEfEfE
fEfEfEededededededfEfEfEfEfEfE
edfEfEededededededfEfEfEfEfEfE
fEedfEededededededfEfEfEfEfEfE
ededfEededededededfEfEfEfEfEfE
fEfEedededededededfEfEfEfEfEfE
edfEedededededededfEfEfEfEfEfE
fEededededededededfEfEfEfEfEfE
edededededededededfEfEfEfEfEfE
fEfEfEfEfEfEfEfEfEedfEfEfEfEfE
edfEfEfEfEfEfEfEfEedfEfEfEfEfE
fEedfEfEfEfEfEfEfEedfEfEfEfEfE
ededfEfEfEfEfEfEfEedfEfEfEfEfE
fEfEedfEfEfEfEfEfEedfEfEfEfEfE
edfEedfEfEfEfEfEfEedfEfEfEfEfE
fEededfEfEfEfEfEfEedfEfEfEfEfE
edededfEfEfEfEfEfEedfEfEfEfEfE
fEfEfEedfEfEfEfEfEedfEfEfEfEfE
edfEfEedfEfEfEfEfEedfEfEfEfEfE
fEedfEedfEfEfEfEfEedfEfEfEfEfE
ededfEedfEfEfEfEfEedfEfEfEfEfE
fEfEededfEfEfEfEfEedfEfEfEfEfE
edfEededfEfEfEfEfEedfEfEfEfEfE
fEedededfEfEfEfEfEedfEfEfEfEfE
ededededfEfEfEfEfEedfEfEfEfEfE
fEfEfEfEedfEfEfEfEedfEfEfEfEfE
edfEfEfEedfEfEfEfEedfEfEfEfEfE
fEedfEfEedfEfEfEfEedfEfEfEfEfE
ededfEfEedfEfEfEfEedfEfEfEfEfE
fEfEedfEedfEfEfEfEedfEfEfEfEfE
edfEedfEedfEfEfEfEedfEfEfEfEfE
fEededfEedfEfEfEfEedfEfEfEfEfE
edededfEedfEfEfEfEedfEfEfEfEfE
fEfEfEededfEfEfEfEedfEfEfEfEfE
edfEfEededfEfEfEfEedfEfEfEfEfE
fEedfEededfEfEfEfEedfEfEfEfEfE
ededfEededfEfEfEfEedfEfEfEfEfE
fEfEedededfEfEfEfEedfEfEfEfEfE
edfEedededfEfEfEfEedfEfEfEfEfE
fEededededfEfEfEfEedfEfEfEfEfE
edededededfEfEfEfEedfEfEfEfEfE
fEfEfEfEfEedfEfEfEedfEfEfEfEfE
edfEfEfEfEedfEfEfEedfEfEfEfEfE
fEedfEfEfEedfEfEfEedfEfEfEfEfE
ededfEfEfEedfEfEfEedfEfEfEfEfE
fEfEedfEfEedfEfEfEedfEfEfEfEfE
edfEedfEfEedfEfEfEedfEfEfEfEfE
fEededfEfEedfEfEfEedfEfEfEfEfE
edededfEfEedfEfEfEedfEfEfEfEfE
fEfEfEedfEedfEfEfEedfEfEfEfEfE
edfEfEedfEedfEfEfEedfEfEfEfEfE
fEedfEedfEedfEfEfEedfEfEfEfEfE
ededfEedfEedfEfEfEedfEfEfEfEfE
fEfEededfEedfEfEfEedfEfEfEfEfE
edfEededfEedfEfEfEedfEfEfEfEfE
fEedededfEedfEfEfEedfEfEfEfEfE
ededededfEedfEfEfEedfEfEfEfEfE
fEfEfEfEededfEfEfEedfEfEfEfEfE
edfEfEfEededfEfEfEedfEfEfEfEfE
fEedfEfEededfEfEfEedfEfEfEfEfE
ededfEfEededfEfEfEedfEfEfEfEfE
fEfEedfEededfEfEfEedfEfEfEfEfE
edfEedfEededfEfEfEedfEfEfEfEfE
fEededfEededfEfEfEedfEfEfEfEfE
edededfEededfEfEfEedfEfEfEfEfE
fEfEfEedededfEfEfEedfEfEfEfEfE
edfEfEedededfEfEfEedfEfEfEfEfE
fEedfEedededfEfEfEedfEfEfEfEfE
ededfEedededfEfEfEedfEfEfEfEfE
fEfEededededfEfEfEedfEfEfEfEfE
edfEededededfEfEfEedfEfEfEfEfE
fEedededededfEfEfEedfEfEfEfEfE
ededededededfEfEfEedfEfEfEfEfE
fEfEfEfEfEfEedfEfEedfEfEfEfEfE
edfEfEfEfEfEedfEfEedfEfEfEfEfE
fEedfEfEfEfEedfEfEedfEfEfEfEfE
ededfEfEfEfEedfEfEedfEfEfEfEfE
fEfEedfEfEfEedfEfEedfEfEfEfEfE
edfEedfEfEfEedfEfEedfEfEfEfEfE
fEededfEfEfEedfEfEedfEfEfEfEfE
edededfEfEfEedfEfEedfEfEfEfEfE
fEfEfEedfEfEedfEfEedfEfEfEfEfE
edfEfEedfEfEedfEfEedfEfEfEfEfE
fEedfEedfEfEedfEfEedfEfEfEfEfE
ededfEedfEfEedfEfEedfEfEfEfEfE
fEfEededfEfEedfEfEedfEfEfEfEfE
edfEededfEfEedfEfEedfEfEfEfEfE
fEedededfEfEedfEfEedfEfEfEfEfE
ededededfEfEedfEfEedfEfEfEfEfE
fEfEfEfEedfEedfEfEedfEfEfEfEfE
edfEfEfEedfEedfEfEedfEfEfEfEfE
fEedfEfEedfEedfEfEedfEfEfEfEfE
ededfEfEedfEedfEfEedfEfEfEfEfE
fEfEedfEedfEedfEfEedfEfEfEfEfE
edfEedfEedfEedfEfEedfEfEfEfEfE
fEededfEedfEedfEfEedfEfEfEfEfE
edededfEedfEedfEfEedfEfEfEfEfE
fEfEfEededfEedfEfEedfEfEfEfEfE
edfEfEededfEedfEfEedfEfEfEfEfE
fEedfEededfEedfEfEedfEfEfEfEfE
ededfEededfEedfEfEedfEfEfEfEfE
fEfEedededfEedfEfEedfEfEfEfEfE
edfEedededfEedfEfEedfEfEfEfEfE
fEededededfEedfEfEedfEfEfEfEfE
edededededfEedfEfEedfEfEfEfEfE
fEfEfEfEfEededfEfEedfEfEfEfEfE
edfEfEfEfEededfEfEedfEfEfEfEfE
fEedfEfEfEededfEfEedfEfEfEfEfE
ededfEfEfEededfEfEedfEfEfEfEfE
fEfEedfEfEededfEfEedfEfEfEfEfE
edfEedfEfEededfEfEedfEfEfEfEfE
fEededfEfEededfEfEedfEfEfEfEfE
edededfEfEededfEfEedfEfEfEfEfE
fEfEfEedfEededfEfEedfEfEfEfEfE
edfEfEedfEededfEfEedfEfEfEfEfE
fEedfEedfEededfEfEedfEfEfEfEfE
ededfEedfEededfEfEedfEfEfEfEfE
fEfEededfEededfEfEedfEfEfEfEfE
edfEededfEededfEfEedfEfEfEfEfE
fEedededfEededfEfEedfEfEfEfEfE
ededededfEededfEfEedfEfEfEfEfE
fEfEfEfEedededfEfEedfEfEfEfEfE
edfEfEfEedededfEfEedfEfEfEfEfE
fEedfEfEedededfEfEedfEfEfEfEfE
ededfEfEedededfEfEedfEfEfEfEfE
fEfEedfEedededfEfEedfEfEfEfEfE
edfEedfEedededfEfEedfEfEfEfEfE
fEededfEedededfEfEedfEfEfEfEfE
edededfEedededfEfEedfEfEfEfEfE
fEfEfEededededfEfEedfEfEfEfEfE
edfEfEededededfEfEedfEfEfEfEfE
fEedfEededededfEfEedfEfEfEfEfE
ededfEededededfEfEedfEfEfEfEfE
fEfEedededededfEfEedfEfEfEfEfE
edfEedededededfEfEedfEfEfEfEfE
fEededededededfEfEedfEfEfEfEfE
edededededededfEfEedfEfEfEfEfE
fEfEfEfEfEfEfEedfEedfEfEfEfEfE
edfEfEfEfEfEfEedfEedfEfEfEfEfE
fEedfEfEfEfEfEedfEedfEfEfEfEfE
ededfEfEfEfEfEedfEedfEfEfEfEfE
fEfEedfEfEfEfEedfEedfEfEfEfEfE
edfEedfEfEfEfEedfEedfEfEfEfEfE
fEededfEfEfEfEedfEedfEfEfEfEfE
edededfEfEfEfEedfEedfEfEfEfEfE
fEfEfEedfEfEfEedfEedfEfEfEfEfE
edfEfEedfEfEfEedfEedfEfEfEfEfE
fEedfEedfEfEfEedfEedfEfEfEfEfE
ededfEedfEfEfEedfEedfEfEfEfEfE
fEfEededfEfEfEedfEedfEfEfEfEfE
edfEededfEfEfEedfEedfEfEfEfEfE
fEedededfEfEfEedfEedfEfEfEfEfE
ededededfEfEfEedfEedfEfEfEfEfE
fEfEfEfEedfEfEedfEedfEfEfEfEfE
edfEfEfEedfEfEedfEedfEfEfEfEfE
fEedfEfEedfEfEedfEedfEfEfEfEfE
ededfEfEedfEfEedfEedfEfEfEfEfE
fEfEedfEedfEfEedfEedfEfEfEfEfE
edfEedfEedfEfEedfEedfEfEfEfEfE
fEededfEedfEfEedfEedfEfEfEfEfE
edededfEedfEfEedfEedfEfEfEfEfE
fEfEfEededfEfEedfEedfEfEfEfEfE
edfEfEededfEfEedfEedfEfEfEfEfE
fEedfEededfEfEedfEedfEfEfEfEfE
ededfEededfEfEedfEedfEfEfEfEfE
fEfEedededfEfEedfEedfEfEfEfEfE
edfEedededfEfEedfEedfEfEfEfEfE
fEededededfEfEedfEedfEfEfEfEfE
edededededfEfEedfEedfEfEfEfEfE
fEfEfEfEfEedfEedfEedfEfEfEfEfE
edfEfEfEfEedfEedfEedfEfEfEfEfE
fEedfEfEfEedfEedfEedfEfEfEfEfE
ededfEfEfEedfEedfEedfEfEfEfEfE
fEfEedfEfEedfEedfEedfEfEfEfEfE
edfEedfEfEedfEedfEedfEfEfEfEfE
fEededfEfEedfEedfEedfEfEfEfEfE
edededfEfEedfEedfEedfEfEfEfEfE
fEfEfEedfEedfEedfEedfEfEfEfEfE
edfEfEedfEedfEedfEedfEfEfEfEfE
fEedfEedfEedfEedfEedfEfEfEfEfE
ededfEedfEedfEedfEedfEfEfEfEfE
fEfEededfEedfEedfEedfEfEfEfEfE
edfEededfEedfEedfEedfEfEfEfEfE
fEedededfEedfEedfEedfEfEfEfEfE
ededededfEedfEedfEedfEfEfEfEfE
fEfEfEfEededfEedfEedfEfEfEfEfE
edfEfEfEededfEedfEedfEfEfEfEfE
fEedfEfEededfEedfEedfEfEfEfEfE
ededfEfEededfEedfEedfEfEfEfEfE
fEfEedfEededfEedfEedfEfEfEfEfE
edfEedfEededfEedfEedfEfEfEfEfE
fEededfEededfEedfEedfEfEfEfEfE
edededfEededfEedfEedfEfEfEfEfE
fEfEfEedededfEedfEedfEfEfEfEfE
edfEfEedededfEedfEedfEfEfEfEfE
fEedfEedededfEedfEedfEfEfEfEfE
ededfEedededfEedfEedfEfEfEfEfE
fEfEededededfEedfEedfEfEfEfEfE
edfEededededfEedfEedfEfEfEfEfE
fEedededededfEedfEedfEfEfEfEfE
ededededededfEedfEedfEfEfEfEfE
fEfEfEfEfEfEededfEedfEfEfEfEfE
edfEfEfEfEfEededfEedfEfEfEfEfE
fEedfEfEfEfEededfEedfEfEfEfEfE
ededfEfEfEfEededfEedfEfEfEfEfE
fEfEedfEfEfEededfEedfEfEfEfEfE
edfEedfEfEfEededfEedfEfEfEfEfE
fEededfEfEfEededfEedfEfEfEfEfE
edededfEfEfEededfEedfEfEfEfEfE
fEfEfEedfEfEededfEedfEfEfEfEfE
edfEfEedfEfEededfEedfEfEfEfEfE
fEedfEedfEfEededfEedfEfEfEfEfE
ededfEedfEfEededfEedfEfEfEfEfE
fEfEededfEfEededfEedfEfEfEfEfE
edfEededfEfEededfEedfEfEfEfEfE
fEedededfEfEededfEedfEfEfEfEfE
ededededfEfEededfEedfEfEfEfEfE
fEfEfEfEedfEededfEedfEfEfEfEfE
edfEfEfEedfEededfEedfEfEfEfEfE
fEedfEfEedfEededfEedfEfEfEfEfE
ededfEfEedfEededfEedfEfEfEfEfE
fEfEedfEedfEededfEedfEfEfEfEfE
edfEedfEedfEededfEedfEfEfEfEfE
fEededfEedfEededfEedfEfEfEfEfE
edededfEedfEededfEedfEfEfEfEfE
fEfEfEededfEededfEedfEfEfEfEfE
edfEfEededfEededfEedfEfEfEfEfE
fEedfEededfEededfEedfEfEfEfEfE
ededfEededfEededfEedfEfEfEfEfE
fEfEedededfEededfEedfEfEfEfEfE
edfEedededfEededfEedfEfEfEfEfE
fEededededfEededfEedfEfEfEfEfE
edededededfEededfEedfEfEfEfEfE
fEfEfEfEfEedededfEedfEfEfEfEfE
edfEfEfEfEedededfEedfEfEfEfEfE
fEedfEfEfEedededfEedfEfEfEfEfE
ededfEfEfEedededfEedfEfEfEfEfE
fEfEedfEfEedededfEedfEfEfEfEfE
edfEedfEfEedededfEedfEfEfEfEfE
fEededfEfEedededfEedfEfEfEfEfE
edededfEfEedededfEedfEfEfEfEfE
fEfEfEedfEedededfEedfEfEfEfEfE
edfEfEedfEedededfEedfEfEfEfEfE
fEedfEedfEedededfEedfEfEfEfEfE
ededfEedfEedededfEedfEfEfEfEfE
fEfEededfEedededfEedfEfEfEfEfE
edfEededfEedededfEedfEfEfEfEfE
fEedededfEedededfEedfEfEfEfEfE
ededededfEedededfEedfEfEfEfEfE
fEfEfEfEededededfEedfEfEfEfEfE
edfEfEfEededededfEedfEfEfEfEfE
fEedfEfEededededfEedfEfEfEfEfE
ededfEfEededededfEedfEfEfEfEfE
fEfEedfEededededfEedfEfEfEfEfE
edfEedfEededededfEedfEfEfEfEfE
fEededfEededededfEedfEfEfEfEfE
edededfEededededfEedfEfEfEfEfE
fEfEfEedededededfEedfEfEfEfEfE
edfEfEedededededfEedfEfEfEfEfE
fEedfEedededededfEedfEfEfEfEfE
ededfEedededededfEedfEfEfEfEfE
fEfEededededededfEedfEfEfEfEfE
edfEededededededfEedfEfEfEfEfE
fEedededededededfEedfEfEfEfEfE
ededededededededfEedfEfEfEfEfE
fEfEfEfEfEfEfEfEededfEfEfEfEfE
edfEfEfEfEfEfEfEededfEfEfEfEfE
fEedfEfEfEfEfEfEededfEfEfEfEfE
ededfEfEfEfEfEfEededfEfEfEfEfE
fEfEedfEfEfEfEfEededfEfEfEfEfE
edfEedfEfEfEfEfEededfEfEfEfEfE
fEededfEfEfEfEfEededfEfEfEfEfE
edededfEfEfEfEfEededfEfEfEfEfE
fEfEfEedfEfEfEfEededfEfEfEfEfE
edfEfEedfEfEfEfEededfEfEfEfEfE
fEedfEedfEfEfEfEededfEfEfEfEfE
ededfEedfEfEfEfEededfEfEfEfEfE
fEfEededfEfEfEfEededfEfEfEfEfE
edfEededfEfEfEfEededfEfEfEfEfE
fEedededfEfEfEfEededfEfEfEfEfE
ededededfEfEfEfEededfEfEfEfEfE
fEfEfEfEedfEfEfEededfEfEfEfEfE
edfEfEfEedfEfEfEededfEfEfEfEfE
fEedfEfEedfEfEfEededfEfEfEfEfE
ededfEfEedfEfEfEededfEfEfEfEfE
fEfEedfEedfEfEfEededfEfEfEfEfE
edfEedfEedfEfEfEededfEfEfEfEfE
fEededfEedfEfEfEededfEfEfEfEfE
edededfEedfEfEfEededfEfEfEfEfE
fEfEfEededfEfEfEededfEfEfEfEfE
edfEfEededfEfEfEededfEfEfEfEfE
fEedfEededfEfEfEededfEfEfEfEfE
ededfEededfEfEfEededfEfEfEfEfE
fEfEedededfEfEfEededfEfEfEfEfE
edfEedededfEfEfEededfEfEfEfEfE
fEededededfEfEfEededfEfEfEfEfE
edededededfEfEfEededfEfEfEfEfE
fEfEfEfEfEedfEfEededfEfEfEfEfE
edfEfEfEfEedfEfEededfEfEfEfEfE
fEedfEfEfEedfEfEededfEfEfEfEfE
ededfEfEfEedfEfEededfEfEfEfEfE
fEfEedfEfEedfEfEededfEfEfEfEfE
edfEedfEfEedfEfEededfEfEfEfEfE
fEededfEfEedfEfEededfEfEfEfEfE
edededfEfEedfEfEededfEfEfEfEfE
fEfEfEedfEedfEfEededfEfEfEfEfE
edfEfEedfEedfEfEededfEfEfEfEfE
fEedfEedfEedfEfEededfEfEfEfEfE
ededfEedfEedfEfEededfEfEfEfEfE
fEfEededfEedfEfEededfEfEfEfEfE
edfEededfEedfEfEededfEfEfEfEfE
fEedededfEedfEfEededfEfEfEfEfE
ededededfEedfEfEededfEfEfEfEfE
fEfEfEfEededfEfEededfEfEfEfEfE
edfEfEfEededfEfEededfEfEfEfEfE
fEedfEfEededfEfEededfEfEfEfEfE
ededfEfEededfEfEededfEfEfEfEfE
fEfEedfEededfEfEededfEfEfEfEfE
edfEedfEededfEfEededfEfEfEfEfE
fEededfEededfEfEededfEfEfEfEfE
edededfEededfEfEededfEfEfEfEfE
fEfEfEedededfEfEededfEfEfEfEfE
edfEfEedededfEfEededfEfEfEfEfE
fEedfEedededfEfEededfEfEfEfEfE
ededfEedededfEfEededfEfEfEfEfE
fEfEededededfEfEededfEfEfEfEfE
edfEededededfEfEededfEfEfEfEfE
fEedededededfEfEededfEfEfEfEfE
ededededededfEfEededfEfEfEfEfE
fEfEfEfEfEfEedfEededfEfEfEfEfE
edfEfEfEfEfEedfEededfEfEfEfEfE
fEedfEfEfEfEedfEededfEfEfEfEfE
ededfEfEfEfEedfEededfEfEfEfEfE
fEfEedfEfEfEedfEededfEfEfEfEfE
edfEedfEfEfEedfEededfEfEfEfEfE
fEededfEfEfEedfEededfEfEfEfEfE
edededfEfEfEedfEededfEfEfEfEfE
fEfEfEedfEfEedfEededfEfEfEfEfE
edfEfEedfEfEedfEededfEfEfEfEfE
fEedfEedfEfEedfEededfEfEfEfEfE
ededfEedfEfEedfEededfEfEfEfEfE
fEfEededfEfEedfEededfEfEfEfEfE
edfEededfEfEedfEededfEfEfEfEfE
fEedededfEfEedfEededfEfEfEfEfE
ededededfEfEedfEededfEfEfEfEfE
fEfEfEfEedfEedfEededfEfEfEfEfE
edfEfEfEedfEedfEededfEfEfEfEfE
fEedfEfEedfEedfEededfEfEfEfEfE
ededfEfEedfEedfEededfEfEfEfEfE
fEfEedfEedfEedfEededfEfEfEfEfE
edfEedfEedfEedfEededfEfEfEfEfE
fEededfEedfEedfEededfEfEfEfEfE
edededfEedfEedfEededfEfEfEfEfE
fEfEfEededfEedfEededfEfEfEfEfE
edfEfEededfEedfEededfEfEfEfEfE
fEedfEededfEedfEededfEfEfEfEfE
ededfEededfEedfEededfEfEfEfEfE
fEfEedededfEedfEededfEfEfEfEfE
edfEedededfEedfEededfEfEfEfEfE
fEededededfEedfEededfEfEfEfEfE
edededededfEedfEededfEfEfEfEfE
fEfEfEfEfEededfEededfEfEfEfEfE
edfEfEfEfEededfEededfEfEfEfEfE
fEedfEfEfEededfEededfEfEfEfEfE
ededfEfEfEededfEededfEfEfEfEfE
fEfEedfEfEededfEededfEfEfEfEfE
edfEedfEfEededfEededfEfEfEfEfE
fEededfEfEededfEededfEfEfEfEfE
edededfEfEededfEededfEfEfEfEfE
fEfEfEedfEededfEededfEfEfEfEfE
edfEfEedfEededfEededfEfEfEfEfE
fEedfEedfEededfEededfEfEfEfEfE
ededfEedfEededfEededfEfEfEfEfE
fEfEededfEededfEededfEfEfEfEfE
edfEededfEededfEededfEfEfEfEfE
fEedededfEededfEededfEfEfEfEfE
ededededfEededfEededfEfEfEfEfE
fEfEfEfEedededfEededfEfEfEfEfE
edfEfEfEedededfEededfEfEfEfEfE
fEedfEfEedededfEededfEfEfEfEfE
ededfEfEedededfEededfEfEfEfEfE
fEfEedfEedededfEededfEfEfEfEfE
edfEedfEedededfEededfEfEfEfEfE
fEededfEedededfEededfEfEfEfEfE
edededfEedededfEededfEfEfEfEfE
fEfEfEededededfEededfEfEfEfEfE
edfEfEededededfEededfEfEfEfEfE
fEedfEededededfEededfEfEfEfEfE
ededfEededededfEededfEfEfEfEfE
fEfEedededededfEededfEfEfEfEfE
edfEedededededfEededfEfEfEfEfE
fEededededededfEededfEfEfEfEfE
edededededededfEededfEfEfEfEfE
fEfEfEfEfEfEfEedededfEfEfEfEfE
edfEfEfEfEfEfEedededfEfEfEfEfE
fEedfEfEfEfEfEedededfEfEfEfEfE
ededfEfEfEfEfEedededfEfEfEfEfE
fEfEedfEfEfEfEedededfEfEfEfEfE
edfEedfEfEfEfEedededfEfEfEfEfE
fEededfEfEfEfEedededfEfEfEfEfE
edededfEfEfEfEedededfEfEfEfEfE
fEfEfEedfEfEfEedededfEfEfEfEfE
edfEfEedfEfEfEedededfEfEfEfEfE
fEedfEedfEfEfEedededfEfEfEfEfE
ededfEedfEfEfEedededfEfEfEfEfE
fEfEededfEfEfEedededfEfEfEfEfE
edfEededfEfEfEedededfEfEfEfEfE
fEedededfEfEfEedededfEfEfEfEfE
ededededfEfEfEedededfEfEfEfEfE
fEfEfEfEedfEfEedededfEfEfEfEfE
edfEfEfEedfEfEedededfEfEfEfEfE
fEedfEfEedfEfEedededfEfEfEfEfE
ededfEfEedfEfEedededfEfEfEfEfE
fEfEedfEedfEfEedededfEfEfEfEfE
edfEedfEedfEfEedededfEfEfEfEfE
fEededfEedfEfEedededfEfEfEfEfE
edededfEedfEfEedededfEfEfEfEfE
fEfEfEededfEfEedededfEfEfEfEfE
edfEfEededfEfEedededfEfEfEfEfE
fEedfEededfEfEedededfEfEfEfEfE
ededfEededfEfEedededfEfEfEfEfE
fEfEedededfEfEedededfEfEfEfEfE
edfEedededfEfEedededfEfEfEfEfE
fEededededfEfEedededfEfEfEfEfE
edededededfEfEedededfEfEfEfEfE
fEfEfEfEfEedfEedededfEfEfEfEfE
edfEfEfEfEedfEedededfEfEfEfEfE
fEedfEfEfEedfEedededfEfEfEfEfE
ededfEfEfEedfEedededfEfEfEfEfE
fEfEedfEfEedfEedededfEfEfEfEfE
edfEedfEfEedfEedededfEfEfEfEfE
fEededfEfEedfEedededfEfEfEfEfE
edededfEfEedfEedededfEfEfEfEfE
fEfEfEedfEedfEedededfEfEfEfEfE
edfEfEedfEedfEedededfEfEfEfEfE
fEedfEedfEedfEedededfEfEfEfEfE
ededfEedfEedfEedededfEfEfEfEfE
fEfEededfEedfEedededfEfEfEfEfE
edfEededfEedfEedededfEfEfEfEfE
fEedededfEedfEedededfEfEfEfEfE
ededededfEedfEedededfEfEfEfEfE
fEfEfEfEededfEedededfEfEfEfEfE
edfEfEfEededfEedededfEfEfEfEfE
fEedfEfEededfEedededfEfEfEfEfE
ededfEfEededfEedededfEfEfEfEfE
fEfEedfEededfEedededfEfEfEfEfE
edfEedfEededfEedededfEfEfEfEfE
fEededfEededfEedededfEfEfEfEfE
edededfEededfEedededfEfEfEfEfE
fEfEfEedededfEedededfEfEfEfEfE
edfEfEedededfEedededfEfEfEfEfE
fEedfEedededfEedededfEfEfEfEfE
ededfEedededfEedededfEfEfEfEfE
fEfEededededfEedededfEfEfEfEfE
edfEededededfEedededfEfEfEfEfE
fEedededededfEedededfEfEfEfEfE
ededededededfEedededfEfEfEfEfE
fEfEfEfEfEfEededededfEfEfEfEfE
edfEfEfEfEfEededededfEfEfEfEfE
fEedfEfEfEfEededededfEfEfEfEfE
ededfEfEfEfEededededfEfEfEfEfE
fEfEedfEfEfEededededfEfEfEfEfE
edfEedfEfEfEededededfEfEfEfEfE
fEededfEfEfEededededfEfEfEfEfE
edededfEfEfEededededfEfEfEfEfE
fEfEfEedfEfEededededfEfEfEfEfE
edfEfEedfEfEededededfEfEfEfEfE
fEedfEedfEfEededededfEfEfEfEfE
ededfEedfEfEededededfEfEfEfEfE
fEfEededfEfEededededfEfEfEfEfE
edfEededfEfEededededfEfEfEfEfE
fEedededfEfEededededfEfEfEfEfE
ededededfEfEededededfEfEfEfEfE
fEfEfEfEedfEededededfEfEfEfEfE
edfEfEfEedfEededededfEfEfEfEfE
fEedfEfEedfEededededfEfEfEfEfE
ededfEfEedfEededededfEfEfEfEfE
fEfEedfEedfEededededfEfEfEfEfE
edfEedfEedfEededededfEfEfEfEfE
fEededfEedfEededededfEfEfEfEfE
edededfEedfEededededfEfEfEfEfE
fEfEfEededfEededededfEfEfEfEfE
edfEfEededfEededededfEfEfEfEfE
fEedfEededfEededededfEfEfEfEfE
ededfEededfEededededfEfEfEfEfE
fEfEedededfEededededfEfEfEfEfE
edfEedededfEededededfEfEfEfEfE
fEededededfEededededfEfEfEfEfE
edededededfEededededfEfEfEfEfE
fEfEfEfEfEedededededfEfEfEfEfE
edfEfEfEfEedededededfEfEfEfEfE
fEedfEfEfEedededededfEfEfEfEfE
ededfEfEfEedededededfEfEfEfEfE
fEfEedfEfEedededededfEfEfEfEfE
edfEedfEfEedededededfEfEfEfEfE
fEededfEfEedededededfEfEfEfEfE
edededfEfEedededededfEfEfEfEfE
